Start testing: Apr 28 21:59 Hora est. Pacífico, Sudamérica
----------------------------------------------------------
20/106 Testing: local_subproblem_runtime
20/106 Test: local_subproblem_runtime
Command: "C:/MyLibs/fall_n/build_stage8_validation/fall_n_local_subproblem_runtime_test.exe"
Directory: C:/MyLibs/fall_n/build_stage8_validation
"local_subproblem_runtime" start time: Apr 28 21:59 Hora est. Pacífico, Sudamérica
Output:
----------------------------------------------------------
  [PASS] lagged FE2 step tolerates adaptive local activation
  [PASS] only the high-demand site runs the expensive local solve
  [PASS] the low-demand site is explicitly counted as skipped
  [PASS] runtime report exposes the active local-model count
  [PASS] runtime report exposes the inactive local-model count
  [PASS] inactive site still receives a safe fallback operator
  [PASS] fallback operator is marked degraded rather than silently exact
  [PASS] first lagged step saves an accepted local checkpoint
  [PASS] accepted step stores one local seed checkpoint
  [PASS] second lagged step converges after restoring the seed
  [PASS] runtime report counts checkpoint-backed seed restoration
  [PASS] warm-start restore prevents a polluted trial state from leaking into the next solve

Passed: 12  Failed: 0
<end of output>
Test time =   0.03 sec
----------------------------------------------------------
Test Passed.
"local_subproblem_runtime" end time: Apr 28 21:59 Hora est. Pacífico, Sudamérica
"local_subproblem_runtime" time elapsed: 00:00:00
----------------------------------------------------------

86/106 Testing: reduced_rc_local_model_promotion_catalog
86/106 Test: reduced_rc_local_model_promotion_catalog
Command: "C:/MyLibs/fall_n/build_stage8_validation/fall_n_reduced_rc_local_model_promotion_catalog_test.exe"
Directory: C:/MyLibs/fall_n/build_stage8_validation
"reduced_rc_local_model_promotion_catalog" start time: Apr 28 21:59 Hora est. Pacífico, Sudamérica
Output:
----------------------------------------------------------
=== Reduced RC Local Model Promotion Catalog Tests ===
  PASS  promotion_table_has_the_declared_roles
  PASS  structural_reference_is_not_a_multiscale_local_model
  PASS  continuum_branch_is_a_control_not_the_final_local_model
  PASS  xfem_is_the_only_primary_multiscale_candidate
  PASS  guardrail_models_are_not_promoted_as_local_physics

Summary: 5 passed, 0 failed.
<end of output>
Test time =   0.03 sec
----------------------------------------------------------
Test Passed.
"reduced_rc_local_model_promotion_catalog" end time: Apr 28 21:59 Hora est. Pacífico, Sudamérica
"reduced_rc_local_model_promotion_catalog" time elapsed: 00:00:00
----------------------------------------------------------

88/106 Testing: mixed_control_arc_length
88/106 Test: mixed_control_arc_length
Command: "C:/MyLibs/fall_n/build_stage8_validation/fall_n_mixed_control_arc_length_test.exe"
Directory: C:/MyLibs/fall_n/build_stage8_validation
"mixed_control_arc_length" start time: Apr 28 21:59 Hora est. Pacífico, Sudamérica
Output:
----------------------------------------------------------
=== MixedControlArcLengthContinuation Tests ===
  PASS  mixed-control observable arc continuation reaches the target
  PASS  accepted-step callback is called only for accepted steps
  PASS  large observable jumps are rejected even after solver convergence
  PASS  accepted records respect the declared mixed arc bound
  PASS  last accepted target is the requested final control point

Summary: 5 passed, 0 failed.
<end of output>
Test time =   0.03 sec
----------------------------------------------------------
Test Passed.
"mixed_control_arc_length" end time: Apr 28 21:59 Hora est. Pacífico, Sudamérica
"mixed_control_arc_length" time elapsed: 00:00:00
----------------------------------------------------------

90/106 Testing: petsc_bordered_mixed_control_newton
90/106 Test: petsc_bordered_mixed_control_newton
Command: "C:/MyLibs/fall_n/build_stage8_validation/fall_n_petsc_bordered_mixed_control_newton_test.exe"
Directory: C:/MyLibs/fall_n/build_stage8_validation
"petsc_bordered_mixed_control_newton" start time: Apr 28 21:59 Hora est. Pacífico, Sudamérica
Output:
----------------------------------------------------------
<end of output>
Test time =   0.06 sec
----------------------------------------------------------
Test Passed.
"petsc_bordered_mixed_control_newton" end time: Apr 28 21:59 Hora est. Pacífico, Sudamérica
"petsc_bordered_mixed_control_newton" time elapsed: 00:00:00
----------------------------------------------------------

91/106 Testing: petsc_nonlinear_analysis_bordered_adapter
91/106 Test: petsc_nonlinear_analysis_bordered_adapter
Command: "C:/MyLibs/fall_n/build_stage8_validation/fall_n_petsc_nonlinear_analysis_bordered_adapter_test.exe"
Directory: C:/MyLibs/fall_n/build_stage8_validation
"petsc_nonlinear_analysis_bordered_adapter" start time: Apr 28 21:59 Hora est. Pacífico, Sudamérica
Output:
----------------------------------------------------------
  begin_incremental: 1 steps (dp=1.000000), max bisection depth = 0
[PASS] PETSc bordered adapter solves an elastic NonlinearAnalysis step
[PASS] fixed-control bordered constraint preserves target parameter
[PASS] bordered adapter residual is small at the accepted state
[PASS] accepted bordered state can be synchronized back to the model
[PASS] external bordered acceptance advances the incremental clock
<end of output>
Test time =   0.08 sec
----------------------------------------------------------
Test Passed.
"petsc_nonlinear_analysis_bordered_adapter" end time: Apr 28 21:59 Hora est. Pacífico, Sudamérica
"petsc_nonlinear_analysis_bordered_adapter" time elapsed: 00:00:00
----------------------------------------------------------

End testing: Apr 28 21:59 Hora est. Pacífico, Sudamérica

unit =   0.23 sec*proc

