Start testing: Apr 15 18:35 Hora est. Pac�fico, Sudam�rica
----------------------------------------------------------
67/86 Testing: reduced_rc_column_section_baseline
67/86 Test: reduced_rc_column_section_baseline
Command: "C:/MyLibs/fall_n/build_stage8_validation/fall_n_reduced_rc_column_section_baseline_test.exe"
Directory: C:/MyLibs/fall_n/build_stage8_validation
"reduced_rc_column_section_baseline" start time: Apr 15 18:35 Hora est. Pac�fico, Sudam�rica
Output:
----------------------------------------------------------
=== Reduced RC Column Section Baseline Tests ===
  PASS  reduced_rc_column_section_baseline_produces_finite_records
  PASS  reduced_rc_column_section_baseline_closes_target_axial_force
  CSV: data/output/cyclic_validation/reboot_section_baseline_csv/section_moment_curvature_baseline.csv (9 records)
  PASS  reduced_rc_column_section_baseline_writes_csv_contract

Summary: 3 passed, 0 failed.
<end of output>
Test time =   0.09 sec
----------------------------------------------------------
Test Passed.
"reduced_rc_column_section_baseline" end time: Apr 15 18:35 Hora est. Pac�fico, Sudam�rica
"reduced_rc_column_section_baseline" time elapsed: 00:00:00
----------------------------------------------------------

68/86 Testing: reduced_rc_column_moment_curvature_closure
68/86 Test: reduced_rc_column_moment_curvature_closure
Command: "C:/MyLibs/fall_n/build_stage8_validation/fall_n_reduced_rc_column_moment_curvature_closure_test.exe"
Directory: C:/MyLibs/fall_n/build_stage8_validation
"reduced_rc_column_moment_curvature_closure" start time: Apr 15 18:35 Hora est. Pac�fico, Sudam�rica
Output:
----------------------------------------------------------
=== Reduced RC Column Moment-Curvature Closure Tests ===
  Incremental solve: 28 steps, max bisection depth = 4

  ── Step 1/28: p = 0.0000 → 0.0357 ──
    p=0.035714  converged  (reason=3, 2 iterations)

  ── Step 2/28: p = 0.0357 → 0.0714 ──
    p=0.071429  converged  (reason=3, 2 iterations)

  ── Step 3/28: p = 0.0714 → 0.1071 ──
    p=0.107143  converged  (reason=3, 2 iterations)

  ── Step 4/28: p = 0.1071 → 0.1429 ──
    p=0.142857  converged  (reason=3, 2 iterations)

  ── Step 5/28: p = 0.1429 → 0.1786 ──
    p=0.178571  converged  (reason=3, 2 iterations)

  ── Step 6/28: p = 0.1786 → 0.2143 ──
    p=0.214286  converged  (reason=3, 2 iterations)

  ── Step 7/28: p = 0.2143 → 0.2500 ──
    p=0.250000  converged  (reason=3, 2 iterations)

  ── Step 8/28: p = 0.2500 → 0.2857 ──
    p=0.285714  converged  (reason=3, 2 iterations)

  ── Step 9/28: p = 0.2857 → 0.3214 ──
    p=0.321429  converged  (reason=3, 2 iterations)

  ── Step 10/28: p = 0.3214 → 0.3571 ──
    p=0.357143  converged  (reason=3, 2 iterations)

  ── Step 11/28: p = 0.3571 → 0.3929 ──
    p=0.392857  converged  (reason=3, 2 iterations)

  ── Step 12/28: p = 0.3929 → 0.4286 ──
    p=0.428571  converged  (reason=3, 2 iterations)

  ── Step 13/28: p = 0.4286 → 0.4643 ──
    p=0.464286  converged  (reason=3, 2 iterations)

  ── Step 14/28: p = 0.4643 → 0.5000 ──
    p=0.500000  converged  (reason=3, 2 iterations)

  ── Step 15/28: p = 0.5000 → 0.5357 ──
    p=0.535714  converged  (reason=3, 2 iterations)

  ── Step 16/28: p = 0.5357 → 0.5714 ──
    p=0.571429  converged  (reason=3, 2 iterations)

  ── Step 17/28: p = 0.5714 → 0.6071 ──
    p=0.607143  converged  (reason=3, 2 iterations)

  ── Step 18/28: p = 0.6071 → 0.6429 ──
    p=0.642857  converged  (reason=3, 2 iterations)

  ── Step 19/28: p = 0.6429 → 0.6786 ──
    p=0.678571  converged  (reason=3, 2 iterations)

  ── Step 20/28: p = 0.6786 → 0.7143 ──
    p=0.714286  converged  (reason=3, 2 iterations)

  ── Step 21/28: p = 0.7143 → 0.7500 ──
    p=0.750000  converged  (reason=3, 2 iterations)

  ── Step 22/28: p = 0.7500 → 0.7857 ──
    p=0.785714  converged  (reason=3, 2 iterations)

  ── Step 23/28: p = 0.7857 → 0.8214 ──
    p=0.821429  converged  (reason=3, 1 iterations)

  ── Step 24/28: p = 0.8214 → 0.8571 ──
    p=0.857143  converged  (reason=3, 2 iterations)

  ── Step 25/28: p = 0.8571 → 0.8929 ──
    p=0.892857  converged  (reason=3, 1 iterations)

  ── Step 26/28: p = 0.8929 → 0.9286 ──
    p=0.928571  converged  (reason=3, 3 iterations)

  ── Step 27/28: p = 0.9286 → 0.9643 ──
    p=0.964286  converged  (reason=3, 3 iterations)

  ── Step 28/28: p = 0.9643 → 1.0000 ──
    p=1.000000  converged  (reason=3, 2 iterations)
  Incremental solve COMPLETED at p = 1.0000
  CSV: data/output/cyclic_validation/reboot_moment_curvature_closure_finite\structural_baseline/section_response.csv (75 records)
  CSV: data/output/cyclic_validation/reboot_moment_curvature_closure_finite\structural_baseline/moment_curvature_base.csv (25 records, base-side section_gp=0, xi=-1.000000)
  CSV: data/output/cyclic_validation/reboot_moment_curvature_closure_finite\section_baseline/section_moment_curvature_baseline.csv (25 records)
  PASS  reduced_rc_column_moment_curvature_closure_produces_finite_bundle
  Incremental solve: 28 steps, max bisection depth = 4

  ── Step 1/28: p = 0.0000 → 0.0357 ──
    p=0.035714  converged  (reason=3, 2 iterations)

  ── Step 2/28: p = 0.0357 → 0.0714 ──
    p=0.071429  converged  (reason=3, 2 iterations)

  ── Step 3/28: p = 0.0714 → 0.1071 ──
    p=0.107143  converged  (reason=3, 2 iterations)

  ── Step 4/28: p = 0.1071 → 0.1429 ──
    p=0.142857  converged  (reason=3, 2 iterations)

  ── Step 5/28: p = 0.1429 → 0.1786 ──
    p=0.178571  converged  (reason=3, 2 iterations)

  ── Step 6/28: p = 0.1786 → 0.2143 ──
    p=0.214286  converged  (reason=3, 2 iterations)

  ── Step 7/28: p = 0.2143 → 0.2500 ──
    p=0.250000  converged  (reason=3, 2 iterations)

  ── Step 8/28: p = 0.2500 → 0.2857 ──
    p=0.285714  converged  (reason=3, 2 iterations)

  ── Step 9/28: p = 0.2857 → 0.3214 ──
    p=0.321429  converged  (reason=3, 2 iterations)

  ── Step 10/28: p = 0.3214 → 0.3571 ──
    p=0.357143  converged  (reason=3, 2 iterations)

  ── Step 11/28: p = 0.3571 → 0.3929 ──
    p=0.392857  converged  (reason=3, 2 iterations)

  ── Step 12/28: p = 0.3929 → 0.4286 ──
    p=0.428571  converged  (reason=3, 2 iterations)

  ── Step 13/28: p = 0.4286 → 0.4643 ──
    p=0.464286  converged  (reason=3, 2 iterations)

  ── Step 14/28: p = 0.4643 → 0.5000 ──
    p=0.500000  converged  (reason=3, 2 iterations)

  ── Step 15/28: p = 0.5000 → 0.5357 ──
    p=0.535714  converged  (reason=3, 2 iterations)

  ── Step 16/28: p = 0.5357 → 0.5714 ──
    p=0.571429  converged  (reason=3, 2 iterations)

  ── Step 17/28: p = 0.5714 → 0.6071 ──
    p=0.607143  converged  (reason=3, 2 iterations)

  ── Step 18/28: p = 0.6071 → 0.6429 ──
    p=0.642857  converged  (reason=3, 2 iterations)

  ── Step 19/28: p = 0.6429 → 0.6786 ──
    p=0.678571  converged  (reason=3, 2 iterations)

  ── Step 20/28: p = 0.6786 → 0.7143 ──
    p=0.714286  converged  (reason=3, 2 iterations)

  ── Step 21/28: p = 0.7143 → 0.7500 ──
    p=0.750000  converged  (reason=3, 2 iterations)

  ── Step 22/28: p = 0.7500 → 0.7857 ──
    p=0.785714  converged  (reason=3, 2 iterations)

  ── Step 23/28: p = 0.7857 → 0.8214 ──
    p=0.821429  converged  (reason=3, 1 iterations)

  ── Step 24/28: p = 0.8214 → 0.8571 ──
    p=0.857143  converged  (reason=3, 2 iterations)

  ── Step 25/28: p = 0.8571 → 0.8929 ──
    p=0.892857  converged  (reason=3, 1 iterations)

  ── Step 26/28: p = 0.8929 → 0.9286 ──
    p=0.928571  converged  (reason=3, 3 iterations)

  ── Step 27/28: p = 0.9286 → 0.9643 ──
    p=0.964286  converged  (reason=3, 3 iterations)

  ── Step 28/28: p = 0.9643 → 1.0000 ──
    p=1.000000  converged  (reason=3, 2 iterations)
  Incremental solve COMPLETED at p = 1.0000
  CSV: data/output/cyclic_validation/reboot_moment_curvature_closure_csv\structural_baseline/section_response.csv (75 records)
  CSV: data/output/cyclic_validation/reboot_moment_curvature_closure_csv\structural_baseline/moment_curvature_base.csv (25 records, base-side section_gp=0, xi=-1.000000)
  CSV: data/output/cyclic_validation/reboot_moment_curvature_closure_csv\section_baseline/section_moment_curvature_baseline.csv (17 records)
  CSV: data/output/cyclic_validation/reboot_moment_curvature_closure_csv\moment_curvature_closure.csv (9 records)
  CSV: data/output/cyclic_validation/reboot_moment_curvature_closure_csv\moment_curvature_closure_summary.csv (summary row written)
  PASS  reduced_rc_column_moment_curvature_closure_writes_csv_contract
  Incremental solve: 28 steps, max bisection depth = 4

  ── Step 1/28: p = 0.0000 → 0.0357 ──
    p=0.035714  converged  (reason=3, 2 iterations)

  ── Step 2/28: p = 0.0357 → 0.0714 ──
    p=0.071429  converged  (reason=3, 2 iterations)

  ── Step 3/28: p = 0.0714 → 0.1071 ──
    p=0.107143  converged  (reason=3, 2 iterations)

  ── Step 4/28: p = 0.1071 → 0.1429 ──
    p=0.142857  converged  (reason=3, 2 iterations)

  ── Step 5/28: p = 0.1429 → 0.1786 ──
    p=0.178571  converged  (reason=3, 2 iterations)

  ── Step 6/28: p = 0.1786 → 0.2143 ──
    p=0.214286  converged  (reason=3, 2 iterations)

  ── Step 7/28: p = 0.2143 → 0.2500 ──
    p=0.250000  converged  (reason=3, 2 iterations)

  ── Step 8/28: p = 0.2500 → 0.2857 ──
    p=0.285714  converged  (reason=3, 2 iterations)

  ── Step 9/28: p = 0.2857 → 0.3214 ──
    p=0.321429  converged  (reason=3, 2 iterations)

  ── Step 10/28: p = 0.3214 → 0.3571 ──
    p=0.357143  converged  (reason=3, 2 iterations)

  ── Step 11/28: p = 0.3571 → 0.3929 ──
    p=0.392857  converged  (reason=3, 2 iterations)

  ── Step 12/28: p = 0.3929 → 0.4286 ──
    p=0.428571  converged  (reason=3, 2 iterations)

  ── Step 13/28: p = 0.4286 → 0.4643 ──
    p=0.464286  converged  (reason=3, 2 iterations)

  ── Step 14/28: p = 0.4643 → 0.5000 ──
    p=0.500000  converged  (reason=3, 2 iterations)

  ── Step 15/28: p = 0.5000 → 0.5357 ──
    p=0.535714  converged  (reason=3, 2 iterations)

  ── Step 16/28: p = 0.5357 → 0.5714 ──
    p=0.571429  converged  (reason=3, 2 iterations)

  ── Step 17/28: p = 0.5714 → 0.6071 ──
    p=0.607143  converged  (reason=3, 2 iterations)

  ── Step 18/28: p = 0.6071 → 0.6429 ──
    p=0.642857  converged  (reason=3, 2 iterations)

  ── Step 19/28: p = 0.6429 → 0.6786 ──
    p=0.678571  converged  (reason=3, 2 iterations)

  ── Step 20/28: p = 0.6786 → 0.7143 ──
    p=0.714286  converged  (reason=3, 2 iterations)

  ── Step 21/28: p = 0.7143 → 0.7500 ──
    p=0.750000  converged  (reason=3, 2 iterations)

  ── Step 22/28: p = 0.7500 → 0.7857 ──
    p=0.785714  converged  (reason=3, 2 iterations)

  ── Step 23/28: p = 0.7857 → 0.8214 ──
    p=0.821429  converged  (reason=3, 1 iterations)

  ── Step 24/28: p = 0.8214 → 0.8571 ──
    p=0.857143  converged  (reason=3, 2 iterations)

  ── Step 25/28: p = 0.8571 → 0.8929 ──
    p=0.892857  converged  (reason=3, 1 iterations)

  ── Step 26/28: p = 0.8929 → 0.9286 ──
    p=0.928571  converged  (reason=3, 3 iterations)

  ── Step 27/28: p = 0.9286 → 0.9643 ──
    p=0.964286  converged  (reason=3, 3 iterations)

  ── Step 28/28: p = 0.9643 → 1.0000 ──
    p=1.000000  converged  (reason=3, 2 iterations)
  Incremental solve COMPLETED at p = 1.0000
  CSV: data/output/cyclic_validation/reboot_moment_curvature_closure_bounds\structural_baseline/section_response.csv (75 records)
  CSV: data/output/cyclic_validation/reboot_moment_curvature_closure_bounds\structural_baseline/moment_curvature_base.csv (25 records, base-side section_gp=0, xi=-1.000000)
  PASS  reduced_rc_column_moment_curvature_closure_keeps_representative_errors_bounded

Summary: 3 passed, 0 failed.
<end of output>
Test time =   0.70 sec
----------------------------------------------------------
Test Passed.
"reduced_rc_column_moment_curvature_closure" end time: Apr 15 18:35 Hora est. Pac�fico, Sudam�rica
"reduced_rc_column_moment_curvature_closure" time elapsed: 00:00:00
----------------------------------------------------------

69/86 Testing: reduced_rc_column_moment_curvature_closure_matrix
69/86 Test: reduced_rc_column_moment_curvature_closure_matrix
Command: "C:/MyLibs/fall_n/build_stage8_validation/fall_n_reduced_rc_column_moment_curvature_closure_matrix_test.exe"
Directory: C:/MyLibs/fall_n/build_stage8_validation
"reduced_rc_column_moment_curvature_closure_matrix" start time: Apr 15 18:35 Hora est. Pac�fico, Sudam�rica
Output:
----------------------------------------------------------
=== Reduced RC Column Moment-Curvature Closure Matrix Tests ===
  Incremental solve: 16 steps, max bisection depth = 4

  ── Step 1/16: p = 0.0000 → 0.0625 ──
    p=0.062500  converged  (reason=3, 2 iterations)

  ── Step 2/16: p = 0.0625 → 0.1250 ──
    p=0.125000  converged  (reason=3, 2 iterations)

  ── Step 3/16: p = 0.1250 → 0.1875 ──
    p=0.187500  converged  (reason=3, 2 iterations)

  ── Step 4/16: p = 0.1875 → 0.2500 ──
    p=0.250000  converged  (reason=3, 2 iterations)

  ── Step 5/16: p = 0.2500 → 0.3125 ──
    p=0.312500  converged  (reason=3, 2 iterations)

  ── Step 6/16: p = 0.3125 → 0.3750 ──
    p=0.375000  converged  (reason=3, 2 iterations)

  ── Step 7/16: p = 0.3750 → 0.4375 ──
    p=0.437500  converged  (reason=3, 2 iterations)

  ── Step 8/16: p = 0.4375 → 0.5000 ──
    p=0.500000  converged  (reason=3, 2 iterations)

  ── Step 9/16: p = 0.5000 → 0.5625 ──
    p=0.562500  converged  (reason=3, 2 iterations)

  ── Step 10/16: p = 0.5625 → 0.6250 ──
    p=0.625000  converged  (reason=3, 2 iterations)

  ── Step 11/16: p = 0.6250 → 0.6875 ──
    p=0.687500  converged  (reason=3, 3 iterations)

  ── Step 12/16: p = 0.6875 → 0.7500 ──
    p=0.750000  converged  (reason=3, 2 iterations)

  ── Step 13/16: p = 0.7500 → 0.8125 ──
    p=0.812500  converged  (reason=3, 2 iterations)

  ── Step 14/16: p = 0.8125 → 0.8750 ──
    p=0.875000  converged  (reason=3, 1 iterations)

  ── Step 15/16: p = 0.8750 → 0.9375 ──
    p=0.937500  converged  (reason=3, 2 iterations)

  ── Step 16/16: p = 0.9375 → 1.0000 ──
    p=1.000000  converged  (reason=3, 2 iterations)
  Incremental solve COMPLETED at p = 1.0000
  CSV: data/output/cyclic_validation/reboot_moment_curvature_closure_matrix_full\cases\n02_gauss_legendre_small_strain\structural_baseline/section_response.csv (13 records)
  CSV: data/output/cyclic_validation/reboot_moment_curvature_closure_matrix_full\cases\n02_gauss_legendre_small_strain\structural_baseline/moment_curvature_base.csv (13 records, base-side section_gp=0, xi=+0.000000)
  CSV: data/output/cyclic_validation/reboot_moment_curvature_closure_matrix_full\cases\n02_gauss_legendre_small_strain\section_baseline/section_moment_curvature_baseline.csv (13 records)
  CSV: data/output/cyclic_validation/reboot_moment_curvature_closure_matrix_full\cases\n02_gauss_legendre_small_strain\moment_curvature_closure.csv (5 records)
  CSV: data/output/cyclic_validation/reboot_moment_curvature_closure_matrix_full\cases\n02_gauss_legendre_small_strain\moment_curvature_closure_summary.csv (summary row written)
  Incremental solve: 16 steps, max bisection depth = 4

  ── Step 1/16: p = 0.0000 → 0.0625 ──
    p=0.062500  converged  (reason=3, 2 iterations)

  ── Step 2/16: p = 0.0625 → 0.1250 ──
    p=0.125000  converged  (reason=3, 2 iterations)

  ── Step 3/16: p = 0.1250 → 0.1875 ──
    p=0.187500  converged  (reason=3, 2 iterations)

  ── Step 4/16: p = 0.1875 → 0.2500 ──
    p=0.250000  converged  (reason=3, 2 iterations)

  ── Step 5/16: p = 0.2500 → 0.3125 ──
    p=0.312500  converged  (reason=3, 2 iterations)

  ── Step 6/16: p = 0.3125 → 0.3750 ──
    p=0.375000  converged  (reason=3, 2 iterations)

  ── Step 7/16: p = 0.3750 → 0.4375 ──
    p=0.437500  converged  (reason=3, 2 iterations)

  ── Step 8/16: p = 0.4375 → 0.5000 ──
    p=0.500000  converged  (reason=3, 2 iterations)

  ── Step 9/16: p = 0.5000 → 0.5625 ──
    p=0.562500  converged  (reason=3, 2 iterations)

  ── Step 10/16: p = 0.5625 → 0.6250 ──
    p=0.625000  converged  (reason=3, 2 iterations)

  ── Step 11/16: p = 0.6250 → 0.6875 ──
    p=0.687500  converged  (reason=3, 3 iterations)

  ── Step 12/16: p = 0.6875 → 0.7500 ──
    p=0.750000  converged  (reason=3, 2 iterations)

  ── Step 13/16: p = 0.7500 → 0.8125 ──
    p=0.812500  converged  (reason=3, 2 iterations)

  ── Step 14/16: p = 0.8125 → 0.8750 ──
    p=0.875000  converged  (reason=3, 1 iterations)

  ── Step 15/16: p = 0.8750 → 0.9375 ──
    p=0.937500  converged  (reason=3, 2 iterations)

  ── Step 16/16: p = 0.9375 → 1.0000 ──
    p=1.000000  converged  (reason=3, 2 iterations)
  Incremental solve COMPLETED at p = 1.0000
  CSV: data/output/cyclic_validation/reboot_moment_curvature_closure_matrix_full\cases\n02_gauss_lobatto_small_strain\structural_baseline/section_response.csv (13 records)
  CSV: data/output/cyclic_validation/reboot_moment_curvature_closure_matrix_full\cases\n02_gauss_lobatto_small_strain\structural_baseline/moment_curvature_base.csv (13 records, base-side section_gp=0, xi=+0.000000)
  CSV: data/output/cyclic_validation/reboot_moment_curvature_closure_matrix_full\cases\n02_gauss_lobatto_small_strain\section_baseline/section_moment_curvature_baseline.csv (13 records)
  CSV: data/output/cyclic_validation/reboot_moment_curvature_closure_matrix_full\cases\n02_gauss_lobatto_small_strain\moment_curvature_closure.csv (5 records)
  CSV: data/output/cyclic_validation/reboot_moment_curvature_closure_matrix_full\cases\n02_gauss_lobatto_small_strain\moment_curvature_closure_summary.csv (summary row written)
  Incremental solve: 16 steps, max bisection depth = 4

  ── Step 1/16: p = 0.0000 → 0.0625 ──
    p=0.062500  converged  (reason=3, 2 iterations)

  ── Step 2/16: p = 0.0625 → 0.1250 ──
    p=0.125000  converged  (reason=3, 2 iterations)

  ── Step 3/16: p = 0.1250 → 0.1875 ──
    p=0.187500  converged  (reason=3, 2 iterations)

  ── Step 4/16: p = 0.1875 → 0.2500 ──
    p=0.250000  converged  (reason=3, 2 iterations)

  ── Step 5/16: p = 0.2500 → 0.3125 ──
    p=0.312500  converged  (reason=3, 2 iterations)

  ── Step 6/16: p = 0.3125 → 0.3750 ──
    p=0.375000  converged  (reason=3, 2 iterations)

  ── Step 7/16: p = 0.3750 → 0.4375 ──
    p=0.437500  converged  (reason=3, 2 iterations)

  ── Step 8/16: p = 0.4375 → 0.5000 ──
    p=0.500000  converged  (reason=3, 2 iterations)

  ── Step 9/16: p = 0.5000 → 0.5625 ──
    p=0.562500  converged  (reason=3, 2 iterations)

  ── Step 10/16: p = 0.5625 → 0.6250 ──
    p=0.625000  converged  (reason=3, 2 iterations)

  ── Step 11/16: p = 0.6250 → 0.6875 ──
    p=0.687500  converged  (reason=3, 3 iterations)

  ── Step 12/16: p = 0.6875 → 0.7500 ──
    p=0.750000  converged  (reason=3, 2 iterations)

  ── Step 13/16: p = 0.7500 → 0.8125 ──
    p=0.812500  converged  (reason=3, 2 iterations)

  ── Step 14/16: p = 0.8125 → 0.8750 ──
    p=0.875000  converged  (reason=3, 1 iterations)

  ── Step 15/16: p = 0.8750 → 0.9375 ──
    p=0.937500  converged  (reason=3, 2 iterations)

  ── Step 16/16: p = 0.9375 → 1.0000 ──
    p=1.000000  converged  (reason=3, 2 iterations)
  Incremental solve COMPLETED at p = 1.0000
  CSV: data/output/cyclic_validation/reboot_moment_curvature_closure_matrix_full\cases\n02_gauss_radau_left_small_strain\structural_baseline/section_response.csv (13 records)
  CSV: data/output/cyclic_validation/reboot_moment_curvature_closure_matrix_full\cases\n02_gauss_radau_left_small_strain\structural_baseline/moment_curvature_base.csv (13 records, base-side section_gp=0, xi=+0.000000)
  CSV: data/output/cyclic_validation/reboot_moment_curvature_closure_matrix_full\cases\n02_gauss_radau_left_small_strain\section_baseline/section_moment_curvature_baseline.csv (13 records)
  CSV: data/output/cyclic_validation/reboot_moment_curvature_closure_matrix_full\cases\n02_gauss_radau_left_small_strain\moment_curvature_closure.csv (5 records)
  CSV: data/output/cyclic_validation/reboot_moment_curvature_closure_matrix_full\cases\n02_gauss_radau_left_small_strain\moment_curvature_closure_summary.csv (summary row written)
  Incremental solve: 16 steps, max bisection depth = 4

  ── Step 1/16: p = 0.0000 → 0.0625 ──
    p=0.062500  converged  (reason=3, 2 iterations)

  ── Step 2/16: p = 0.0625 → 0.1250 ──
    p=0.125000  converged  (reason=3, 2 iterations)

  ── Step 3/16: p = 0.1250 → 0.1875 ──
    p=0.187500  converged  (reason=3, 2 iterations)

  ── Step 4/16: p = 0.1875 → 0.2500 ──
    p=0.250000  converged  (reason=3, 2 iterations)

  ── Step 5/16: p = 0.2500 → 0.3125 ──
    p=0.312500  converged  (reason=3, 2 iterations)

  ── Step 6/16: p = 0.3125 → 0.3750 ──
    p=0.375000  converged  (reason=3, 2 iterations)

  ── Step 7/16: p = 0.3750 → 0.4375 ──
    p=0.437500  converged  (reason=3, 2 iterations)

  ── Step 8/16: p = 0.4375 → 0.5000 ──
    p=0.500000  converged  (reason=3, 2 iterations)

  ── Step 9/16: p = 0.5000 → 0.5625 ──
    p=0.562500  converged  (reason=3, 2 iterations)

  ── Step 10/16: p = 0.5625 → 0.6250 ──
    p=0.625000  converged  (reason=3, 2 iterations)

  ── Step 11/16: p = 0.6250 → 0.6875 ──
    p=0.687500  converged  (reason=3, 3 iterations)

  ── Step 12/16: p = 0.6875 → 0.7500 ──
    p=0.750000  converged  (reason=3, 2 iterations)

  ── Step 13/16: p = 0.7500 → 0.8125 ──
    p=0.812500  converged  (reason=3, 2 iterations)

  ── Step 14/16: p = 0.8125 → 0.8750 ──
    p=0.875000  converged  (reason=3, 1 iterations)

  ── Step 15/16: p = 0.8750 → 0.9375 ──
    p=0.937500  converged  (reason=3, 2 iterations)

  ── Step 16/16: p = 0.9375 → 1.0000 ──
    p=1.000000  converged  (reason=3, 2 iterations)
  Incremental solve COMPLETED at p = 1.0000
  CSV: data/output/cyclic_validation/reboot_moment_curvature_closure_matrix_full\cases\n02_gauss_radau_right_small_strain\structural_baseline/section_response.csv (13 records)
  CSV: data/output/cyclic_validation/reboot_moment_curvature_closure_matrix_full\cases\n02_gauss_radau_right_small_strain\structural_baseline/moment_curvature_base.csv (13 records, base-side section_gp=0, xi=-0.000000)
  CSV: data/output/cyclic_validation/reboot_moment_curvature_closure_matrix_full\cases\n02_gauss_radau_right_small_strain\section_baseline/section_moment_curvature_baseline.csv (13 records)
  CSV: data/output/cyclic_validation/reboot_moment_curvature_closure_matrix_full\cases\n02_gauss_radau_right_small_strain\moment_curvature_closure.csv (5 records)
  CSV: data/output/cyclic_validation/reboot_moment_curvature_closure_matrix_full\cases\n02_gauss_radau_right_small_strain\moment_curvature_closure_summary.csv (summary row written)
  Incremental solve: 16 steps, max bisection depth = 4

  ── Step 1/16: p = 0.0000 → 0.0625 ──
    p=0.062500  converged  (reason=3, 2 iterations)

  ── Step 2/16: p = 0.0625 → 0.1250 ──
    p=0.125000  converged  (reason=3, 2 iterations)

  ── Step 3/16: p = 0.1250 → 0.1875 ──
    p=0.187500  converged  (reason=3, 2 iterations)

  ── Step 4/16: p = 0.1875 → 0.2500 ──
    p=0.250000  converged  (reason=3, 2 iterations)

  ── Step 5/16: p = 0.2500 → 0.3125 ──
    p=0.312500  converged  (reason=3, 2 iterations)

  ── Step 6/16: p = 0.3125 → 0.3750 ──
    p=0.375000  converged  (reason=3, 2 iterations)

  ── Step 7/16: p = 0.3750 → 0.4375 ──
    p=0.437500  converged  (reason=3, 2 iterations)

  ── Step 8/16: p = 0.4375 → 0.5000 ──
    p=0.500000  converged  (reason=3, 2 iterations)

  ── Step 9/16: p = 0.5000 → 0.5625 ──
    p=0.562500  converged  (reason=3, 2 iterations)

  ── Step 10/16: p = 0.5625 → 0.6250 ──
    p=0.625000  converged  (reason=3, 2 iterations)

  ── Step 11/16: p = 0.6250 → 0.6875 ──
    p=0.687500  converged  (reason=3, 3 iterations)

  ── Step 12/16: p = 0.6875 → 0.7500 ──
    p=0.750000  converged  (reason=3, 2 iterations)

  ── Step 13/16: p = 0.7500 → 0.8125 ──
    p=0.812500  converged  (reason=3, 2 iterations)

  ── Step 14/16: p = 0.8125 → 0.8750 ──
    p=0.875000  converged  (reason=3, 2 iterations)

  ── Step 15/16: p = 0.8750 → 0.9375 ──
    p=0.937500  converged  (reason=3, 2 iterations)

  ── Step 16/16: p = 0.9375 → 1.0000 ──
    p=1.000000  converged  (reason=3, 2 iterations)
  Incremental solve COMPLETED at p = 1.0000
  CSV: data/output/cyclic_validation/reboot_moment_curvature_closure_matrix_full\cases\n03_gauss_legendre_small_strain\structural_baseline/section_response.csv (26 records)
  CSV: data/output/cyclic_validation/reboot_moment_curvature_closure_matrix_full\cases\n03_gauss_legendre_small_strain\structural_baseline/moment_curvature_base.csv (13 records, base-side section_gp=0, xi=-0.577350)
  CSV: data/output/cyclic_validation/reboot_moment_curvature_closure_matrix_full\cases\n03_gauss_legendre_small_strain\section_baseline/section_moment_curvature_baseline.csv (13 records)
  CSV: data/output/cyclic_validation/reboot_moment_curvature_closure_matrix_full\cases\n03_gauss_legendre_small_strain\moment_curvature_closure.csv (5 records)
  CSV: data/output/cyclic_validation/reboot_moment_curvature_closure_matrix_full\cases\n03_gauss_legendre_small_strain\moment_curvature_closure_summary.csv (summary row written)
  Incremental solve: 16 steps, max bisection depth = 4

  ── Step 1/16: p = 0.0000 → 0.0625 ──
    p=0.062500  converged  (reason=3, 2 iterations)

  ── Step 2/16: p = 0.0625 → 0.1250 ──
    p=0.125000  converged  (reason=3, 2 iterations)

  ── Step 3/16: p = 0.1250 → 0.1875 ──
    p=0.187500  converged  (reason=3, 2 iterations)

  ── Step 4/16: p = 0.1875 → 0.2500 ──
    p=0.250000  converged  (reason=3, 2 iterations)

  ── Step 5/16: p = 0.2500 → 0.3125 ──
    p=0.312500  converged  (reason=3, 2 iterations)

  ── Step 6/16: p = 0.3125 → 0.3750 ──
    p=0.375000  converged  (reason=3, 2 iterations)

  ── Step 7/16: p = 0.3750 → 0.4375 ──
    p=0.437500  converged  (reason=3, 2 iterations)

  ── Step 8/16: p = 0.4375 → 0.5000 ──
    p=0.500000  converged  (reason=3, 2 iterations)

  ── Step 9/16: p = 0.5000 → 0.5625 ──
    p=0.562500  converged  (reason=3, 2 iterations)

  ── Step 10/16: p = 0.5625 → 0.6250 ──
    p=0.625000  converged  (reason=3, 2 iterations)

  ── Step 11/16: p = 0.6250 → 0.6875 ──
    p=0.687500  converged  (reason=3, 2 iterations)

  ── Step 12/16: p = 0.6875 → 0.7500 ──
    p=0.750000  converged  (reason=3, 2 iterations)

  ── Step 13/16: p = 0.7500 → 0.8125 ──
    p=0.812500  converged  (reason=3, 2 iterations)

  ── Step 14/16: p = 0.8125 → 0.8750 ──
    p=0.875000  converged  (reason=3, 1 iterations)

  ── Step 15/16: p = 0.8750 → 0.9375 ──
    p=0.937500  converged  (reason=3, 2 iterations)

  ── Step 16/16: p = 0.9375 → 1.0000 ──
    p=1.000000  converged  (reason=3, 2 iterations)
  Incremental solve COMPLETED at p = 1.0000
  CSV: data/output/cyclic_validation/reboot_moment_curvature_closure_matrix_full\cases\n03_gauss_lobatto_small_strain\structural_baseline/section_response.csv (26 records)
  CSV: data/output/cyclic_validation/reboot_moment_curvature_closure_matrix_full\cases\n03_gauss_lobatto_small_strain\structural_baseline/moment_curvature_base.csv (13 records, base-side section_gp=0, xi=-1.000000)
  CSV: data/output/cyclic_validation/reboot_moment_curvature_closure_matrix_full\cases\n03_gauss_lobatto_small_strain\section_baseline/section_moment_curvature_baseline.csv (13 records)
  CSV: data/output/cyclic_validation/reboot_moment_curvature_closure_matrix_full\cases\n03_gauss_lobatto_small_strain\moment_curvature_closure.csv (5 records)
  CSV: data/output/cyclic_validation/reboot_moment_curvature_closure_matrix_full\cases\n03_gauss_lobatto_small_strain\moment_curvature_closure_summary.csv (summary row written)
  Incremental solve: 16 steps, max bisection depth = 4

  ── Step 1/16: p = 0.0000 → 0.0625 ──
    p=0.062500  converged  (reason=3, 2 iterations)

  ── Step 2/16: p = 0.0625 → 0.1250 ──
    p=0.125000  converged  (reason=3, 2 iterations)

  ── Step 3/16: p = 0.1250 → 0.1875 ──
    p=0.187500  converged  (reason=3, 2 iterations)

  ── Step 4/16: p = 0.1875 → 0.2500 ──
    p=0.250000  converged  (reason=3, 2 iterations)

  ── Step 5/16: p = 0.2500 → 0.3125 ──
    p=0.312500  converged  (reason=3, 2 iterations)

  ── Step 6/16: p = 0.3125 → 0.3750 ──
    p=0.375000  converged  (reason=3, 2 iterations)

  ── Step 7/16: p = 0.3750 → 0.4375 ──
    p=0.437500  converged  (reason=3, 2 iterations)

  ── Step 8/16: p = 0.4375 → 0.5000 ──
    p=0.500000  converged  (reason=3, 2 iterations)

  ── Step 9/16: p = 0.5000 → 0.5625 ──
    p=0.562500  converged  (reason=3, 2 iterations)

  ── Step 10/16: p = 0.5625 → 0.6250 ──
    p=0.625000  converged  (reason=3, 2 iterations)

  ── Step 11/16: p = 0.6250 → 0.6875 ──
    p=0.687500  converged  (reason=3, 2 iterations)

  ── Step 12/16: p = 0.6875 → 0.7500 ──
    p=0.750000  converged  (reason=3, 2 iterations)

  ── Step 13/16: p = 0.7500 → 0.8125 ──
    p=0.812500  converged  (reason=3, 2 iterations)

  ── Step 14/16: p = 0.8125 → 0.8750 ──
    p=0.875000  converged  (reason=3, 2 iterations)

  ── Step 15/16: p = 0.8750 → 0.9375 ──
    p=0.937500  converged  (reason=3, 2 iterations)

  ── Step 16/16: p = 0.9375 → 1.0000 ──
    p=1.000000  converged  (reason=3, 2 iterations)
  Incremental solve COMPLETED at p = 1.0000
  CSV: data/output/cyclic_validation/reboot_moment_curvature_closure_matrix_full\cases\n03_gauss_radau_left_small_strain\structural_baseline/section_response.csv (26 records)
  CSV: data/output/cyclic_validation/reboot_moment_curvature_closure_matrix_full\cases\n03_gauss_radau_left_small_strain\structural_baseline/moment_curvature_base.csv (13 records, base-side section_gp=0, xi=-1.000000)
  CSV: data/output/cyclic_validation/reboot_moment_curvature_closure_matrix_full\cases\n03_gauss_radau_left_small_strain\section_baseline/section_moment_curvature_baseline.csv (13 records)
  CSV: data/output/cyclic_validation/reboot_moment_curvature_closure_matrix_full\cases\n03_gauss_radau_left_small_strain\moment_curvature_closure.csv (5 records)
  CSV: data/output/cyclic_validation/reboot_moment_curvature_closure_matrix_full\cases\n03_gauss_radau_left_small_strain\moment_curvature_closure_summary.csv (summary row written)
  Incremental solve: 16 steps, max bisection depth = 4

  ── Step 1/16: p = 0.0000 → 0.0625 ──
    p=0.062500  converged  (reason=3, 2 iterations)

  ── Step 2/16: p = 0.0625 → 0.1250 ──
    p=0.125000  converged  (reason=3, 2 iterations)

  ── Step 3/16: p = 0.1250 → 0.1875 ──
    p=0.187500  converged  (reason=3, 2 iterations)

  ── Step 4/16: p = 0.1875 → 0.2500 ──
    p=0.250000  converged  (reason=3, 2 iterations)

  ── Step 5/16: p = 0.2500 → 0.3125 ──
    p=0.312500  converged  (reason=3, 2 iterations)

  ── Step 6/16: p = 0.3125 → 0.3750 ──
    p=0.375000  converged  (reason=3, 2 iterations)

  ── Step 7/16: p = 0.3750 → 0.4375 ──
    p=0.437500  converged  (reason=3, 2 iterations)

  ── Step 8/16: p = 0.4375 → 0.5000 ──
    p=0.500000  converged  (reason=3, 2 iterations)

  ── Step 9/16: p = 0.5000 → 0.5625 ──
    p=0.562500  converged  (reason=3, 2 iterations)

  ── Step 10/16: p = 0.5625 → 0.6250 ──
    p=0.625000  converged  (reason=3, 2 iterations)

  ── Step 11/16: p = 0.6250 → 0.6875 ──
    p=0.687500  converged  (reason=3, 2 iterations)

  ── Step 12/16: p = 0.6875 → 0.7500 ──
    p=0.750000  converged  (reason=3, 2 iterations)

  ── Step 13/16: p = 0.7500 → 0.8125 ──
    p=0.812500  converged  (reason=3, 2 iterations)

  ── Step 14/16: p = 0.8125 → 0.8750 ──
    p=0.875000  converged  (reason=3, 1 iterations)

  ── Step 15/16: p = 0.8750 → 0.9375 ──
    p=0.937500  converged  (reason=3, 2 iterations)

  ── Step 16/16: p = 0.9375 → 1.0000 ──
    p=1.000000  converged  (reason=3, 2 iterations)
  Incremental solve COMPLETED at p = 1.0000
  CSV: data/output/cyclic_validation/reboot_moment_curvature_closure_matrix_full\cases\n03_gauss_radau_right_small_strain\structural_baseline/section_response.csv (26 records)
  CSV: data/output/cyclic_validation/reboot_moment_curvature_closure_matrix_full\cases\n03_gauss_radau_right_small_strain\structural_baseline/moment_curvature_base.csv (13 records, base-side section_gp=0, xi=-0.333333)
  CSV: data/output/cyclic_validation/reboot_moment_curvature_closure_matrix_full\cases\n03_gauss_radau_right_small_strain\section_baseline/section_moment_curvature_baseline.csv (13 records)
  CSV: data/output/cyclic_validation/reboot_moment_curvature_closure_matrix_full\cases\n03_gauss_radau_right_small_strain\moment_curvature_closure.csv (5 records)
  CSV: data/output/cyclic_validation/reboot_moment_curvature_closure_matrix_full\cases\n03_gauss_radau_right_small_strain\moment_curvature_closure_summary.csv (summary row written)
  Incremental solve: 16 steps, max bisection depth = 4

  ── Step 1/16: p = 0.0000 → 0.0625 ──
    p=0.062500  converged  (reason=3, 2 iterations)

  ── Step 2/16: p = 0.0625 → 0.1250 ──
    p=0.125000  converged  (reason=3, 2 iterations)

  ── Step 3/16: p = 0.1250 → 0.1875 ──
    p=0.187500  converged  (reason=3, 2 iterations)

  ── Step 4/16: p = 0.1875 → 0.2500 ──
    p=0.250000  converged  (reason=3, 2 iterations)

  ── Step 5/16: p = 0.2500 → 0.3125 ──
    p=0.312500  converged  (reason=3, 2 iterations)

  ── Step 6/16: p = 0.3125 → 0.3750 ──
    p=0.375000  converged  (reason=3, 2 iterations)

  ── Step 7/16: p = 0.3750 → 0.4375 ──
    p=0.437500  converged  (reason=3, 2 iterations)

  ── Step 8/16: p = 0.4375 → 0.5000 ──
    p=0.500000  converged  (reason=3, 2 iterations)

  ── Step 9/16: p = 0.5000 → 0.5625 ──
    p=0.562500  converged  (reason=3, 2 iterations)

  ── Step 10/16: p = 0.5625 → 0.6250 ──
    p=0.625000  converged  (reason=3, 2 iterations)

  ── Step 11/16: p = 0.6250 → 0.6875 ──
    p=0.687500  converged  (reason=3, 2 iterations)

  ── Step 12/16: p = 0.6875 → 0.7500 ──
    p=0.750000  converged  (reason=3, 2 iterations)

  ── Step 13/16: p = 0.7500 → 0.8125 ──
    p=0.812500  converged  (reason=3, 2 iterations)

  ── Step 14/16: p = 0.8125 → 0.8750 ──
    p=0.875000  converged  (reason=3, 2 iterations)

  ── Step 15/16: p = 0.8750 → 0.9375 ──
    p=0.937500  converged  (reason=3, 3 iterations)

  ── Step 16/16: p = 0.9375 → 1.0000 ──
    p=1.000000  converged  (reason=3, 2 iterations)
  Incremental solve COMPLETED at p = 1.0000
  CSV: data/output/cyclic_validation/reboot_moment_curvature_closure_matrix_full\cases\n04_gauss_legendre_small_strain\structural_baseline/section_response.csv (39 records)
  CSV: data/output/cyclic_validation/reboot_moment_curvature_closure_matrix_full\cases\n04_gauss_legendre_small_strain\structural_baseline/moment_curvature_base.csv (13 records, base-side section_gp=0, xi=-0.774597)
  CSV: data/output/cyclic_validation/reboot_moment_curvature_closure_matrix_full\cases\n04_gauss_legendre_small_strain\section_baseline/section_moment_curvature_baseline.csv (13 records)
  CSV: data/output/cyclic_validation/reboot_moment_curvature_closure_matrix_full\cases\n04_gauss_legendre_small_strain\moment_curvature_closure.csv (5 records)
  CSV: data/output/cyclic_validation/reboot_moment_curvature_closure_matrix_full\cases\n04_gauss_legendre_small_strain\moment_curvature_closure_summary.csv (summary row written)
  Incremental solve: 16 steps, max bisection depth = 4

  ── Step 1/16: p = 0.0000 → 0.0625 ──
    p=0.062500  converged  (reason=3, 2 iterations)

  ── Step 2/16: p = 0.0625 → 0.1250 ──
    p=0.125000  converged  (reason=3, 2 iterations)

  ── Step 3/16: p = 0.1250 → 0.1875 ──
    p=0.187500  converged  (reason=3, 2 iterations)

  ── Step 4/16: p = 0.1875 → 0.2500 ──
    p=0.250000  converged  (reason=3, 2 iterations)

  ── Step 5/16: p = 0.2500 → 0.3125 ──
    p=0.312500  converged  (reason=3, 2 iterations)

  ── Step 6/16: p = 0.3125 → 0.3750 ──
    p=0.375000  converged  (reason=3, 2 iterations)

  ── Step 7/16: p = 0.3750 → 0.4375 ──
    p=0.437500  converged  (reason=3, 2 iterations)

  ── Step 8/16: p = 0.4375 → 0.5000 ──
    p=0.500000  converged  (reason=3, 2 iterations)

  ── Step 9/16: p = 0.5000 → 0.5625 ──
    p=0.562500  converged  (reason=3, 2 iterations)

  ── Step 10/16: p = 0.5625 → 0.6250 ──
    p=0.625000  converged  (reason=3, 2 iterations)

  ── Step 11/16: p = 0.6250 → 0.6875 ──
    p=0.687500  converged  (reason=3, 2 iterations)

  ── Step 12/16: p = 0.6875 → 0.7500 ──
    p=0.750000  converged  (reason=3, 2 iterations)

  ── Step 13/16: p = 0.7500 → 0.8125 ──
    p=0.812500  converged  (reason=3, 2 iterations)

  ── Step 14/16: p = 0.8125 → 0.8750 ──
    p=0.875000  converged  (reason=3, 2 iterations)

  ── Step 15/16: p = 0.8750 → 0.9375 ──
    p=0.937500  converged  (reason=3, 3 iterations)

  ── Step 16/16: p = 0.9375 → 1.0000 ──
    p=1.000000  converged  (reason=3, 2 iterations)
  Incremental solve COMPLETED at p = 1.0000
  CSV: data/output/cyclic_validation/reboot_moment_curvature_closure_matrix_full\cases\n04_gauss_lobatto_small_strain\structural_baseline/section_response.csv (39 records)
  CSV: data/output/cyclic_validation/reboot_moment_curvature_closure_matrix_full\cases\n04_gauss_lobatto_small_strain\structural_baseline/moment_curvature_base.csv (13 records, base-side section_gp=0, xi=-1.000000)
  CSV: data/output/cyclic_validation/reboot_moment_curvature_closure_matrix_full\cases\n04_gauss_lobatto_small_strain\section_baseline/section_moment_curvature_baseline.csv (13 records)
  CSV: data/output/cyclic_validation/reboot_moment_curvature_closure_matrix_full\cases\n04_gauss_lobatto_small_strain\moment_curvature_closure.csv (5 records)
  CSV: data/output/cyclic_validation/reboot_moment_curvature_closure_matrix_full\cases\n04_gauss_lobatto_small_strain\moment_curvature_closure_summary.csv (summary row written)
  Incremental solve: 16 steps, max bisection depth = 4

  ── Step 1/16: p = 0.0000 → 0.0625 ──
    p=0.062500  converged  (reason=3, 2 iterations)

  ── Step 2/16: p = 0.0625 → 0.1250 ──
    p=0.125000  converged  (reason=3, 2 iterations)

  ── Step 3/16: p = 0.1250 → 0.1875 ──
    p=0.187500  converged  (reason=3, 2 iterations)

  ── Step 4/16: p = 0.1875 → 0.2500 ──
    p=0.250000  converged  (reason=3, 2 iterations)

  ── Step 5/16: p = 0.2500 → 0.3125 ──
    p=0.312500  converged  (reason=3, 2 iterations)

  ── Step 6/16: p = 0.3125 → 0.3750 ──
    p=0.375000  converged  (reason=3, 2 iterations)

  ── Step 7/16: p = 0.3750 → 0.4375 ──
    p=0.437500  converged  (reason=3, 2 iterations)

  ── Step 8/16: p = 0.4375 → 0.5000 ──
    p=0.500000  converged  (reason=3, 2 iterations)

  ── Step 9/16: p = 0.5000 → 0.5625 ──
    p=0.562500  converged  (reason=3, 2 iterations)

  ── Step 10/16: p = 0.5625 → 0.6250 ──
    p=0.625000  converged  (reason=3, 2 iterations)

  ── Step 11/16: p = 0.6250 → 0.6875 ──
    p=0.687500  converged  (reason=3, 2 iterations)

  ── Step 12/16: p = 0.6875 → 0.7500 ──
    p=0.750000  converged  (reason=3, 2 iterations)

  ── Step 13/16: p = 0.7500 → 0.8125 ──
    p=0.812500  converged  (reason=3, 2 iterations)

  ── Step 14/16: p = 0.8125 → 0.8750 ──
    p=0.875000  converged  (reason=3, 2 iterations)

  ── Step 15/16: p = 0.8750 → 0.9375 ──
    p=0.937500  converged  (reason=3, 2 iterations)

  ── Step 16/16: p = 0.9375 → 1.0000 ──
    p=1.000000  converged  (reason=3, 2 iterations)
  Incremental solve COMPLETED at p = 1.0000
  CSV: data/output/cyclic_validation/reboot_moment_curvature_closure_matrix_full\cases\n04_gauss_radau_left_small_strain\structural_baseline/section_response.csv (39 records)
  CSV: data/output/cyclic_validation/reboot_moment_curvature_closure_matrix_full\cases\n04_gauss_radau_left_small_strain\structural_baseline/moment_curvature_base.csv (13 records, base-side section_gp=0, xi=-1.000000)
  CSV: data/output/cyclic_validation/reboot_moment_curvature_closure_matrix_full\cases\n04_gauss_radau_left_small_strain\section_baseline/section_moment_curvature_baseline.csv (13 records)
  CSV: data/output/cyclic_validation/reboot_moment_curvature_closure_matrix_full\cases\n04_gauss_radau_left_small_strain\moment_curvature_closure.csv (5 records)
  CSV: data/output/cyclic_validation/reboot_moment_curvature_closure_matrix_full\cases\n04_gauss_radau_left_small_strain\moment_curvature_closure_summary.csv (summary row written)
  Incremental solve: 16 steps, max bisection depth = 4

  ── Step 1/16: p = 0.0000 → 0.0625 ──
    p=0.062500  converged  (reason=3, 2 iterations)

  ── Step 2/16: p = 0.0625 → 0.1250 ──
    p=0.125000  converged  (reason=3, 2 iterations)

  ── Step 3/16: p = 0.1250 → 0.1875 ──
    p=0.187500  converged  (reason=3, 2 iterations)

  ── Step 4/16: p = 0.1875 → 0.2500 ──
    p=0.250000  converged  (reason=3, 2 iterations)

  ── Step 5/16: p = 0.2500 → 0.3125 ──
    p=0.312500  converged  (reason=3, 2 iterations)

  ── Step 6/16: p = 0.3125 → 0.3750 ──
    p=0.375000  converged  (reason=3, 2 iterations)

  ── Step 7/16: p = 0.3750 → 0.4375 ──
    p=0.437500  converged  (reason=3, 2 iterations)

  ── Step 8/16: p = 0.4375 → 0.5000 ──
    p=0.500000  converged  (reason=3, 2 iterations)

  ── Step 9/16: p = 0.5000 → 0.5625 ──
    p=0.562500  converged  (reason=3, 3 iterations)

  ── Step 10/16: p = 0.5625 → 0.6250 ──
    p=0.625000  converged  (reason=3, 3 iterations)

  ── Step 11/16: p = 0.6250 → 0.6875 ──
    p=0.687500  converged  (reason=3, 2 iterations)

  ── Step 12/16: p = 0.6875 → 0.7500 ──
    p=0.750000  converged  (reason=3, 2 iterations)

  ── Step 13/16: p = 0.7500 → 0.8125 ──
    p=0.812500  converged  (reason=3, 2 iterations)

  ── Step 14/16: p = 0.8125 → 0.8750 ──
    p=0.875000  converged  (reason=3, 2 iterations)

  ── Step 15/16: p = 0.8750 → 0.9375 ──
    p=0.937500  converged  (reason=3, 2 iterations)

  ── Step 16/16: p = 0.9375 → 1.0000 ──
    p=1.000000  converged  (reason=3, 2 iterations)
  Incremental solve COMPLETED at p = 1.0000
  CSV: data/output/cyclic_validation/reboot_moment_curvature_closure_matrix_full\cases\n04_gauss_radau_right_small_strain\structural_baseline/section_response.csv (39 records)
  CSV: data/output/cyclic_validation/reboot_moment_curvature_closure_matrix_full\cases\n04_gauss_radau_right_small_strain\structural_baseline/moment_curvature_base.csv (13 records, base-side section_gp=0, xi=-0.689898)
  CSV: data/output/cyclic_validation/reboot_moment_curvature_closure_matrix_full\cases\n04_gauss_radau_right_small_strain\section_baseline/section_moment_curvature_baseline.csv (13 records)
  CSV: data/output/cyclic_validation/reboot_moment_curvature_closure_matrix_full\cases\n04_gauss_radau_right_small_strain\moment_curvature_closure.csv (5 records)
  CSV: data/output/cyclic_validation/reboot_moment_curvature_closure_matrix_full\cases\n04_gauss_radau_right_small_strain\moment_curvature_closure_summary.csv (summary row written)
  Incremental solve: 16 steps, max bisection depth = 4

  ── Step 1/16: p = 0.0000 → 0.0625 ──
    p=0.062500  converged  (reason=3, 2 iterations)

  ── Step 2/16: p = 0.0625 → 0.1250 ──
    p=0.125000  converged  (reason=3, 2 iterations)

  ── Step 3/16: p = 0.1250 → 0.1875 ──
    p=0.187500  converged  (reason=3, 2 iterations)

  ── Step 4/16: p = 0.1875 → 0.2500 ──
    p=0.250000  converged  (reason=3, 2 iterations)

  ── Step 5/16: p = 0.2500 → 0.3125 ──
    p=0.312500  converged  (reason=3, 2 iterations)

  ── Step 6/16: p = 0.3125 → 0.3750 ──
    p=0.375000  converged  (reason=3, 2 iterations)

  ── Step 7/16: p = 0.3750 → 0.4375 ──
    p=0.437500  converged  (reason=3, 2 iterations)

  ── Step 8/16: p = 0.4375 → 0.5000 ──
    p=0.500000  converged  (reason=3, 2 iterations)

  ── Step 9/16: p = 0.5000 → 0.5625 ──
    p=0.562500  converged  (reason=3, 2 iterations)

  ── Step 10/16: p = 0.5625 → 0.6250 ──
    p=0.625000  converged  (reason=3, 2 iterations)

  ── Step 11/16: p = 0.6250 → 0.6875 ──
    p=0.687500  converged  (reason=3, 2 iterations)

  ── Step 12/16: p = 0.6875 → 0.7500 ──
    p=0.750000  converged  (reason=3, 2 iterations)

  ── Step 13/16: p = 0.7500 → 0.8125 ──
    p=0.812500  converged  (reason=3, 2 iterations)

  ── Step 14/16: p = 0.8125 → 0.8750 ──
    p=0.875000  converged  (reason=3, 2 iterations)

  ── Step 15/16: p = 0.8750 → 0.9375 ──
    p=0.937500  converged  (reason=3, 2 iterations)

  ── Step 16/16: p = 0.9375 → 1.0000 ──
    p=1.000000  converged  (reason=3, 2 iterations)
  Incremental solve COMPLETED at p = 1.0000
  CSV: data/output/cyclic_validation/reboot_moment_curvature_closure_matrix_full\cases\n05_gauss_legendre_small_strain\structural_baseline/section_response.csv (52 records)
  CSV: data/output/cyclic_validation/reboot_moment_curvature_closure_matrix_full\cases\n05_gauss_legendre_small_strain\structural_baseline/moment_curvature_base.csv (13 records, base-side section_gp=0, xi=-0.861136)
  CSV: data/output/cyclic_validation/reboot_moment_curvature_closure_matrix_full\cases\n05_gauss_legendre_small_strain\section_baseline/section_moment_curvature_baseline.csv (13 records)
  CSV: data/output/cyclic_validation/reboot_moment_curvature_closure_matrix_full\cases\n05_gauss_legendre_small_strain\moment_curvature_closure.csv (5 records)
  CSV: data/output/cyclic_validation/reboot_moment_curvature_closure_matrix_full\cases\n05_gauss_legendre_small_strain\moment_curvature_closure_summary.csv (summary row written)
  Incremental solve: 16 steps, max bisection depth = 4

  ── Step 1/16: p = 0.0000 → 0.0625 ──
    p=0.062500  converged  (reason=3, 2 iterations)

  ── Step 2/16: p = 0.0625 → 0.1250 ──
    p=0.125000  converged  (reason=3, 2 iterations)

  ── Step 3/16: p = 0.1250 → 0.1875 ──
    p=0.187500  converged  (reason=3, 2 iterations)

  ── Step 4/16: p = 0.1875 → 0.2500 ──
    p=0.250000  converged  (reason=3, 2 iterations)

  ── Step 5/16: p = 0.2500 → 0.3125 ──
    p=0.312500  converged  (reason=3, 2 iterations)

  ── Step 6/16: p = 0.3125 → 0.3750 ──
    p=0.375000  converged  (reason=3, 2 iterations)

  ── Step 7/16: p = 0.3750 → 0.4375 ──
    p=0.437500  converged  (reason=3, 2 iterations)

  ── Step 8/16: p = 0.4375 → 0.5000 ──
    p=0.500000  converged  (reason=3, 2 iterations)

  ── Step 9/16: p = 0.5000 → 0.5625 ──
    p=0.562500  converged  (reason=3, 2 iterations)

  ── Step 10/16: p = 0.5625 → 0.6250 ──
    p=0.625000  converged  (reason=3, 2 iterations)

  ── Step 11/16: p = 0.6250 → 0.6875 ──
    p=0.687500  converged  (reason=3, 2 iterations)

  ── Step 12/16: p = 0.6875 → 0.7500 ──
    p=0.750000  converged  (reason=3, 2 iterations)

  ── Step 13/16: p = 0.7500 → 0.8125 ──
    p=0.812500  converged  (reason=3, 2 iterations)

  ── Step 14/16: p = 0.8125 → 0.8750 ──
    p=0.875000  converged  (reason=3, 2 iterations)

  ── Step 15/16: p = 0.8750 → 0.9375 ──
    p=0.937500  converged  (reason=3, 2 iterations)

  ── Step 16/16: p = 0.9375 → 1.0000 ──
    p=1.000000  converged  (reason=3, 2 iterations)
  Incremental solve COMPLETED at p = 1.0000
  CSV: data/output/cyclic_validation/reboot_moment_curvature_closure_matrix_full\cases\n05_gauss_lobatto_small_strain\structural_baseline/section_response.csv (52 records)
  CSV: data/output/cyclic_validation/reboot_moment_curvature_closure_matrix_full\cases\n05_gauss_lobatto_small_strain\structural_baseline/moment_curvature_base.csv (13 records, base-side section_gp=0, xi=-1.000000)
  CSV: data/output/cyclic_validation/reboot_moment_curvature_closure_matrix_full\cases\n05_gauss_lobatto_small_strain\section_baseline/section_moment_curvature_baseline.csv (13 records)
  CSV: data/output/cyclic_validation/reboot_moment_curvature_closure_matrix_full\cases\n05_gauss_lobatto_small_strain\moment_curvature_closure.csv (5 records)
  CSV: data/output/cyclic_validation/reboot_moment_curvature_closure_matrix_full\cases\n05_gauss_lobatto_small_strain\moment_curvature_closure_summary.csv (summary row written)
  Incremental solve: 16 steps, max bisection depth = 4

  ── Step 1/16: p = 0.0000 → 0.0625 ──
    p=0.062500  converged  (reason=3, 2 iterations)

  ── Step 2/16: p = 0.0625 → 0.1250 ──
    p=0.125000  converged  (reason=3, 2 iterations)

  ── Step 3/16: p = 0.1250 → 0.1875 ──
    p=0.187500  converged  (reason=3, 2 iterations)

  ── Step 4/16: p = 0.1875 → 0.2500 ──
    p=0.250000  converged  (reason=3, 2 iterations)

  ── Step 5/16: p = 0.2500 → 0.3125 ──
    p=0.312500  converged  (reason=3, 2 iterations)

  ── Step 6/16: p = 0.3125 → 0.3750 ──
    p=0.375000  converged  (reason=3, 2 iterations)

  ── Step 7/16: p = 0.3750 → 0.4375 ──
    p=0.437500  converged  (reason=3, 2 iterations)

  ── Step 8/16: p = 0.4375 → 0.5000 ──
    p=0.500000  converged  (reason=3, 2 iterations)

  ── Step 9/16: p = 0.5000 → 0.5625 ──
    p=0.562500  converged  (reason=3, 2 iterations)

  ── Step 10/16: p = 0.5625 → 0.6250 ──
    p=0.625000  converged  (reason=3, 2 iterations)

  ── Step 11/16: p = 0.6250 → 0.6875 ──
    p=0.687500  converged  (reason=3, 2 iterations)

  ── Step 12/16: p = 0.6875 → 0.7500 ──
    p=0.750000  converged  (reason=3, 2 iterations)

  ── Step 13/16: p = 0.7500 → 0.8125 ──
    p=0.812500  converged  (reason=3, 2 iterations)

  ── Step 14/16: p = 0.8125 → 0.8750 ──
    p=0.875000  converged  (reason=3, 2 iterations)

  ── Step 15/16: p = 0.8750 → 0.9375 ──
    p=0.937500  converged  (reason=3, 2 iterations)

  ── Step 16/16: p = 0.9375 → 1.0000 ──
    p=1.000000  converged  (reason=3, 2 iterations)
  Incremental solve COMPLETED at p = 1.0000
  CSV: data/output/cyclic_validation/reboot_moment_curvature_closure_matrix_full\cases\n05_gauss_radau_left_small_strain\structural_baseline/section_response.csv (52 records)
  CSV: data/output/cyclic_validation/reboot_moment_curvature_closure_matrix_full\cases\n05_gauss_radau_left_small_strain\structural_baseline/moment_curvature_base.csv (13 records, base-side section_gp=0, xi=-1.000000)
  CSV: data/output/cyclic_validation/reboot_moment_curvature_closure_matrix_full\cases\n05_gauss_radau_left_small_strain\section_baseline/section_moment_curvature_baseline.csv (13 records)
  CSV: data/output/cyclic_validation/reboot_moment_curvature_closure_matrix_full\cases\n05_gauss_radau_left_small_strain\moment_curvature_closure.csv (5 records)
  CSV: data/output/cyclic_validation/reboot_moment_curvature_closure_matrix_full\cases\n05_gauss_radau_left_small_strain\moment_curvature_closure_summary.csv (summary row written)
  Incremental solve: 16 steps, max bisection depth = 4

  ── Step 1/16: p = 0.0000 → 0.0625 ──
    p=0.062500  converged  (reason=3, 2 iterations)

  ── Step 2/16: p = 0.0625 → 0.1250 ──
    p=0.125000  converged  (reason=3, 2 iterations)

  ── Step 3/16: p = 0.1250 → 0.1875 ──
    p=0.187500  converged  (reason=3, 2 iterations)

  ── Step 4/16: p = 0.1875 → 0.2500 ──
    p=0.250000  converged  (reason=3, 2 iterations)

  ── Step 5/16: p = 0.2500 → 0.3125 ──
    p=0.312500  converged  (reason=3, 2 iterations)

  ── Step 6/16: p = 0.3125 → 0.3750 ──
    p=0.375000  converged  (reason=3, 2 iterations)

  ── Step 7/16: p = 0.3750 → 0.4375 ──
    p=0.437500  converged  (reason=3, 2 iterations)

  ── Step 8/16: p = 0.4375 → 0.5000 ──
    p=0.500000  converged  (reason=3, 2 iterations)

  ── Step 9/16: p = 0.5000 → 0.5625 ──
    p=0.562500  converged  (reason=3, 2 iterations)

  ── Step 10/16: p = 0.5625 → 0.6250 ──
    p=0.625000  converged  (reason=3, 2 iterations)

  ── Step 11/16: p = 0.6250 → 0.6875 ──
    p=0.687500  converged  (reason=3, 2 iterations)

  ── Step 12/16: p = 0.6875 → 0.7500 ──
    p=0.750000  converged  (reason=3, 3 iterations)

  ── Step 13/16: p = 0.7500 → 0.8125 ──
    p=0.812500  converged  (reason=3, 3 iterations)

  ── Step 14/16: p = 0.8125 → 0.8750 ──
    p=0.875000  converged  (reason=3, 2 iterations)

  ── Step 15/16: p = 0.8750 → 0.9375 ──
    p=0.937500  converged  (reason=3, 2 iterations)

  ── Step 16/16: p = 0.9375 → 1.0000 ──
    p=1.000000  converged  (reason=3, 2 iterations)
  Incremental solve COMPLETED at p = 1.0000
  CSV: data/output/cyclic_validation/reboot_moment_curvature_closure_matrix_full\cases\n05_gauss_radau_right_small_strain\structural_baseline/section_response.csv (52 records)
  CSV: data/output/cyclic_validation/reboot_moment_curvature_closure_matrix_full\cases\n05_gauss_radau_right_small_strain\structural_baseline/moment_curvature_base.csv (13 records, base-side section_gp=0, xi=-0.822824)
  CSV: data/output/cyclic_validation/reboot_moment_curvature_closure_matrix_full\cases\n05_gauss_radau_right_small_strain\section_baseline/section_moment_curvature_baseline.csv (13 records)
  CSV: data/output/cyclic_validation/reboot_moment_curvature_closure_matrix_full\cases\n05_gauss_radau_right_small_strain\moment_curvature_closure.csv (5 records)
  CSV: data/output/cyclic_validation/reboot_moment_curvature_closure_matrix_full\cases\n05_gauss_radau_right_small_strain\moment_curvature_closure_summary.csv (summary row written)
  Incremental solve: 16 steps, max bisection depth = 4

  ── Step 1/16: p = 0.0000 → 0.0625 ──
    p=0.062500  converged  (reason=3, 2 iterations)

  ── Step 2/16: p = 0.0625 → 0.1250 ──
    p=0.125000  converged  (reason=3, 2 iterations)

  ── Step 3/16: p = 0.1250 → 0.1875 ──
    p=0.187500  converged  (reason=3, 2 iterations)

  ── Step 4/16: p = 0.1875 → 0.2500 ──
    p=0.250000  converged  (reason=3, 2 iterations)

  ── Step 5/16: p = 0.2500 → 0.3125 ──
    p=0.312500  converged  (reason=3, 2 iterations)

  ── Step 6/16: p = 0.3125 → 0.3750 ──
    p=0.375000  converged  (reason=3, 2 iterations)

  ── Step 7/16: p = 0.3750 → 0.4375 ──
    p=0.437500  converged  (reason=3, 2 iterations)

  ── Step 8/16: p = 0.4375 → 0.5000 ──
    p=0.500000  converged  (reason=3, 2 iterations)

  ── Step 9/16: p = 0.5000 → 0.5625 ──
    p=0.562500  converged  (reason=3, 2 iterations)

  ── Step 10/16: p = 0.5625 → 0.6250 ──
    p=0.625000  converged  (reason=3, 2 iterations)

  ── Step 11/16: p = 0.6250 → 0.6875 ──
    p=0.687500  converged  (reason=3, 2 iterations)

  ── Step 12/16: p = 0.6875 → 0.7500 ──
    p=0.750000  converged  (reason=3, 2 iterations)

  ── Step 13/16: p = 0.7500 → 0.8125 ──
    p=0.812500  converged  (reason=3, 2 iterations)

  ── Step 14/16: p = 0.8125 → 0.8750 ──
    p=0.875000  converged  (reason=3, 2 iterations)

  ── Step 15/16: p = 0.8750 → 0.9375 ──
    p=0.937500  converged  (reason=3, 3 iterations)

  ── Step 16/16: p = 0.9375 → 1.0000 ──
    p=1.000000  converged  (reason=3, 2 iterations)
  Incremental solve COMPLETED at p = 1.0000
  CSV: data/output/cyclic_validation/reboot_moment_curvature_closure_matrix_full\cases\n06_gauss_legendre_small_strain\structural_baseline/section_response.csv (65 records)
  CSV: data/output/cyclic_validation/reboot_moment_curvature_closure_matrix_full\cases\n06_gauss_legendre_small_strain\structural_baseline/moment_curvature_base.csv (13 records, base-side section_gp=0, xi=-0.906180)
  CSV: data/output/cyclic_validation/reboot_moment_curvature_closure_matrix_full\cases\n06_gauss_legendre_small_strain\section_baseline/section_moment_curvature_baseline.csv (13 records)
  CSV: data/output/cyclic_validation/reboot_moment_curvature_closure_matrix_full\cases\n06_gauss_legendre_small_strain\moment_curvature_closure.csv (5 records)
  CSV: data/output/cyclic_validation/reboot_moment_curvature_closure_matrix_full\cases\n06_gauss_legendre_small_strain\moment_curvature_closure_summary.csv (summary row written)
  Incremental solve: 16 steps, max bisection depth = 4

  ── Step 1/16: p = 0.0000 → 0.0625 ──
    p=0.062500  converged  (reason=3, 2 iterations)

  ── Step 2/16: p = 0.0625 → 0.1250 ──
    p=0.125000  converged  (reason=3, 2 iterations)

  ── Step 3/16: p = 0.1250 → 0.1875 ──
    p=0.187500  converged  (reason=3, 2 iterations)

  ── Step 4/16: p = 0.1875 → 0.2500 ──
    p=0.250000  converged  (reason=3, 2 iterations)

  ── Step 5/16: p = 0.2500 → 0.3125 ──
    p=0.312500  converged  (reason=3, 2 iterations)

  ── Step 6/16: p = 0.3125 → 0.3750 ──
    p=0.375000  converged  (reason=3, 2 iterations)

  ── Step 7/16: p = 0.3750 → 0.4375 ──
    p=0.437500  converged  (reason=3, 2 iterations)

  ── Step 8/16: p = 0.4375 → 0.5000 ──
    p=0.500000  converged  (reason=3, 2 iterations)

  ── Step 9/16: p = 0.5000 → 0.5625 ──
    p=0.562500  converged  (reason=3, 2 iterations)

  ── Step 10/16: p = 0.5625 → 0.6250 ──
    p=0.625000  converged  (reason=3, 2 iterations)

  ── Step 11/16: p = 0.6250 → 0.6875 ──
    p=0.687500  converged  (reason=3, 2 iterations)

  ── Step 12/16: p = 0.6875 → 0.7500 ──
    p=0.750000  converged  (reason=3, 2 iterations)

  ── Step 13/16: p = 0.7500 → 0.8125 ──
    p=0.812500  converged  (reason=3, 2 iterations)

  ── Step 14/16: p = 0.8125 → 0.8750 ──
    p=0.875000  converged  (reason=3, 2 iterations)

  ── Step 15/16: p = 0.8750 → 0.9375 ──
    p=0.937500  converged  (reason=3, 3 iterations)

  ── Step 16/16: p = 0.9375 → 1.0000 ──
    p=1.000000  converged  (reason=3, 2 iterations)
  Incremental solve COMPLETED at p = 1.0000
  CSV: data/output/cyclic_validation/reboot_moment_curvature_closure_matrix_full\cases\n06_gauss_lobatto_small_strain\structural_baseline/section_response.csv (65 records)
  CSV: data/output/cyclic_validation/reboot_moment_curvature_closure_matrix_full\cases\n06_gauss_lobatto_small_strain\structural_baseline/moment_curvature_base.csv (13 records, base-side section_gp=0, xi=-1.000000)
  CSV: data/output/cyclic_validation/reboot_moment_curvature_closure_matrix_full\cases\n06_gauss_lobatto_small_strain\section_baseline/section_moment_curvature_baseline.csv (13 records)
  CSV: data/output/cyclic_validation/reboot_moment_curvature_closure_matrix_full\cases\n06_gauss_lobatto_small_strain\moment_curvature_closure.csv (5 records)
  CSV: data/output/cyclic_validation/reboot_moment_curvature_closure_matrix_full\cases\n06_gauss_lobatto_small_strain\moment_curvature_closure_summary.csv (summary row written)
  Incremental solve: 16 steps, max bisection depth = 4

  ── Step 1/16: p = 0.0000 → 0.0625 ──
    p=0.062500  converged  (reason=3, 2 iterations)

  ── Step 2/16: p = 0.0625 → 0.1250 ──
    p=0.125000  converged  (reason=3, 2 iterations)

  ── Step 3/16: p = 0.1250 → 0.1875 ──
    p=0.187500  converged  (reason=3, 2 iterations)

  ── Step 4/16: p = 0.1875 → 0.2500 ──
    p=0.250000  converged  (reason=3, 2 iterations)

  ── Step 5/16: p = 0.2500 → 0.3125 ──
    p=0.312500  converged  (reason=3, 2 iterations)

  ── Step 6/16: p = 0.3125 → 0.3750 ──
    p=0.375000  converged  (reason=3, 2 iterations)

  ── Step 7/16: p = 0.3750 → 0.4375 ──
    p=0.437500  converged  (reason=3, 2 iterations)

  ── Step 8/16: p = 0.4375 → 0.5000 ──
    p=0.500000  converged  (reason=3, 2 iterations)

  ── Step 9/16: p = 0.5000 → 0.5625 ──
    p=0.562500  converged  (reason=3, 2 iterations)

  ── Step 10/16: p = 0.5625 → 0.6250 ──
    p=0.625000  converged  (reason=3, 2 iterations)

  ── Step 11/16: p = 0.6250 → 0.6875 ──
    p=0.687500  converged  (reason=3, 2 iterations)

  ── Step 12/16: p = 0.6875 → 0.7500 ──
    p=0.750000  converged  (reason=3, 2 iterations)

  ── Step 13/16: p = 0.7500 → 0.8125 ──
    p=0.812500  converged  (reason=3, 2 iterations)

  ── Step 14/16: p = 0.8125 → 0.8750 ──
    p=0.875000  converged  (reason=3, 2 iterations)

  ── Step 15/16: p = 0.8750 → 0.9375 ──
    p=0.937500  converged  (reason=3, 2 iterations)

  ── Step 16/16: p = 0.9375 → 1.0000 ──
    p=1.000000  converged  (reason=3, 2 iterations)
  Incremental solve COMPLETED at p = 1.0000
  CSV: data/output/cyclic_validation/reboot_moment_curvature_closure_matrix_full\cases\n06_gauss_radau_left_small_strain\structural_baseline/section_response.csv (65 records)
  CSV: data/output/cyclic_validation/reboot_moment_curvature_closure_matrix_full\cases\n06_gauss_radau_left_small_strain\structural_baseline/moment_curvature_base.csv (13 records, base-side section_gp=0, xi=-1.000000)
  CSV: data/output/cyclic_validation/reboot_moment_curvature_closure_matrix_full\cases\n06_gauss_radau_left_small_strain\section_baseline/section_moment_curvature_baseline.csv (13 records)
  CSV: data/output/cyclic_validation/reboot_moment_curvature_closure_matrix_full\cases\n06_gauss_radau_left_small_strain\moment_curvature_closure.csv (5 records)
  CSV: data/output/cyclic_validation/reboot_moment_curvature_closure_matrix_full\cases\n06_gauss_radau_left_small_strain\moment_curvature_closure_summary.csv (summary row written)
  Incremental solve: 16 steps, max bisection depth = 4

  ── Step 1/16: p = 0.0000 → 0.0625 ──
    p=0.062500  converged  (reason=3, 2 iterations)

  ── Step 2/16: p = 0.0625 → 0.1250 ──
    p=0.125000  converged  (reason=3, 2 iterations)

  ── Step 3/16: p = 0.1250 → 0.1875 ──
    p=0.187500  converged  (reason=3, 2 iterations)

  ── Step 4/16: p = 0.1875 → 0.2500 ──
    p=0.250000  converged  (reason=3, 2 iterations)

  ── Step 5/16: p = 0.2500 → 0.3125 ──
    p=0.312500  converged  (reason=3, 2 iterations)

  ── Step 6/16: p = 0.3125 → 0.3750 ──
    p=0.375000  converged  (reason=3, 2 iterations)

  ── Step 7/16: p = 0.3750 → 0.4375 ──
    p=0.437500  converged  (reason=3, 2 iterations)

  ── Step 8/16: p = 0.4375 → 0.5000 ──
    p=0.500000  converged  (reason=3, 2 iterations)

  ── Step 9/16: p = 0.5000 → 0.5625 ──
    p=0.562500  converged  (reason=3, 2 iterations)

  ── Step 10/16: p = 0.5625 → 0.6250 ──
    p=0.625000  converged  (reason=3, 2 iterations)

  ── Step 11/16: p = 0.6250 → 0.6875 ──
    p=0.687500  converged  (reason=3, 2 iterations)

  ── Step 12/16: p = 0.6875 → 0.7500 ──
    p=0.750000  converged  (reason=3, 2 iterations)

  ── Step 13/16: p = 0.7500 → 0.8125 ──
    p=0.812500  converged  (reason=3, 2 iterations)

  ── Step 14/16: p = 0.8125 → 0.8750 ──
    p=0.875000  converged  (reason=3, 2 iterations)

  ── Step 15/16: p = 0.8750 → 0.9375 ──
    p=0.937500  converged  (reason=3, 3 iterations)

  ── Step 16/16: p = 0.9375 → 1.0000 ──
    p=1.000000  converged  (reason=3, 2 iterations)
  Incremental solve COMPLETED at p = 1.0000
  CSV: data/output/cyclic_validation/reboot_moment_curvature_closure_matrix_full\cases\n06_gauss_radau_right_small_strain\structural_baseline/section_response.csv (65 records)
  CSV: data/output/cyclic_validation/reboot_moment_curvature_closure_matrix_full\cases\n06_gauss_radau_right_small_strain\structural_baseline/moment_curvature_base.csv (13 records, base-side section_gp=0, xi=-0.885792)
  CSV: data/output/cyclic_validation/reboot_moment_curvature_closure_matrix_full\cases\n06_gauss_radau_right_small_strain\section_baseline/section_moment_curvature_baseline.csv (13 records)
  CSV: data/output/cyclic_validation/reboot_moment_curvature_closure_matrix_full\cases\n06_gauss_radau_right_small_strain\moment_curvature_closure.csv (5 records)
  CSV: data/output/cyclic_validation/reboot_moment_curvature_closure_matrix_full\cases\n06_gauss_radau_right_small_strain\moment_curvature_closure_summary.csv (summary row written)
  Incremental solve: 16 steps, max bisection depth = 4

  ── Step 1/16: p = 0.0000 → 0.0625 ──
    p=0.062500  converged  (reason=3, 2 iterations)

  ── Step 2/16: p = 0.0625 → 0.1250 ──
    p=0.125000  converged  (reason=3, 2 iterations)

  ── Step 3/16: p = 0.1250 → 0.1875 ──
    p=0.187500  converged  (reason=3, 2 iterations)

  ── Step 4/16: p = 0.1875 → 0.2500 ──
    p=0.250000  converged  (reason=3, 2 iterations)

  ── Step 5/16: p = 0.2500 → 0.3125 ──
    p=0.312500  converged  (reason=3, 2 iterations)

  ── Step 6/16: p = 0.3125 → 0.3750 ──
    p=0.375000  converged  (reason=3, 2 iterations)

  ── Step 7/16: p = 0.3750 → 0.4375 ──
    p=0.437500  converged  (reason=3, 2 iterations)

  ── Step 8/16: p = 0.4375 → 0.5000 ──
    p=0.500000  converged  (reason=3, 2 iterations)

  ── Step 9/16: p = 0.5000 → 0.5625 ──
    p=0.562500  converged  (reason=3, 2 iterations)

  ── Step 10/16: p = 0.5625 → 0.6250 ──
    p=0.625000  converged  (reason=3, 2 iterations)

  ── Step 11/16: p = 0.6250 → 0.6875 ──
    p=0.687500  converged  (reason=3, 2 iterations)

  ── Step 12/16: p = 0.6875 → 0.7500 ──
    p=0.750000  converged  (reason=3, 2 iterations)

  ── Step 13/16: p = 0.7500 → 0.8125 ──
    p=0.812500  converged  (reason=3, 2 iterations)

  ── Step 14/16: p = 0.8125 → 0.8750 ──
    p=0.875000  converged  (reason=3, 2 iterations)

  ── Step 15/16: p = 0.8750 → 0.9375 ──
    p=0.937500  converged  (reason=3, 3 iterations)

  ── Step 16/16: p = 0.9375 → 1.0000 ──
    p=1.000000  converged  (reason=3, 2 iterations)
  Incremental solve COMPLETED at p = 1.0000
  CSV: data/output/cyclic_validation/reboot_moment_curvature_closure_matrix_full\cases\n07_gauss_legendre_small_strain\structural_baseline/section_response.csv (78 records)
  CSV: data/output/cyclic_validation/reboot_moment_curvature_closure_matrix_full\cases\n07_gauss_legendre_small_strain\structural_baseline/moment_curvature_base.csv (13 records, base-side section_gp=0, xi=-0.932470)
  CSV: data/output/cyclic_validation/reboot_moment_curvature_closure_matrix_full\cases\n07_gauss_legendre_small_strain\section_baseline/section_moment_curvature_baseline.csv (13 records)
  CSV: data/output/cyclic_validation/reboot_moment_curvature_closure_matrix_full\cases\n07_gauss_legendre_small_strain\moment_curvature_closure.csv (5 records)
  CSV: data/output/cyclic_validation/reboot_moment_curvature_closure_matrix_full\cases\n07_gauss_legendre_small_strain\moment_curvature_closure_summary.csv (summary row written)
  Incremental solve: 16 steps, max bisection depth = 4

  ── Step 1/16: p = 0.0000 → 0.0625 ──
    p=0.062500  converged  (reason=3, 2 iterations)

  ── Step 2/16: p = 0.0625 → 0.1250 ──
    p=0.125000  converged  (reason=3, 2 iterations)

  ── Step 3/16: p = 0.1250 → 0.1875 ──
    p=0.187500  converged  (reason=3, 2 iterations)

  ── Step 4/16: p = 0.1875 → 0.2500 ──
    p=0.250000  converged  (reason=3, 2 iterations)

  ── Step 5/16: p = 0.2500 → 0.3125 ──
    p=0.312500  converged  (reason=3, 2 iterations)

  ── Step 6/16: p = 0.3125 → 0.3750 ──
    p=0.375000  converged  (reason=3, 2 iterations)

  ── Step 7/16: p = 0.3750 → 0.4375 ──
    p=0.437500  converged  (reason=3, 2 iterations)

  ── Step 8/16: p = 0.4375 → 0.5000 ──
    p=0.500000  converged  (reason=3, 2 iterations)

  ── Step 9/16: p = 0.5000 → 0.5625 ──
    p=0.562500  converged  (reason=3, 2 iterations)

  ── Step 10/16: p = 0.5625 → 0.6250 ──
    p=0.625000  converged  (reason=3, 2 iterations)

  ── Step 11/16: p = 0.6250 → 0.6875 ──
    p=0.687500  converged  (reason=3, 2 iterations)

  ── Step 12/16: p = 0.6875 → 0.7500 ──
    p=0.750000  converged  (reason=3, 2 iterations)

  ── Step 13/16: p = 0.7500 → 0.8125 ──
    p=0.812500  converged  (reason=3, 2 iterations)

  ── Step 14/16: p = 0.8125 → 0.8750 ──
    p=0.875000  converged  (reason=3, 2 iterations)

  ── Step 15/16: p = 0.8750 → 0.9375 ──
    p=0.937500  converged  (reason=3, 2 iterations)

  ── Step 16/16: p = 0.9375 → 1.0000 ──
    p=1.000000  converged  (reason=3, 2 iterations)
  Incremental solve COMPLETED at p = 1.0000
  CSV: data/output/cyclic_validation/reboot_moment_curvature_closure_matrix_full\cases\n07_gauss_lobatto_small_strain\structural_baseline/section_response.csv (78 records)
  CSV: data/output/cyclic_validation/reboot_moment_curvature_closure_matrix_full\cases\n07_gauss_lobatto_small_strain\structural_baseline/moment_curvature_base.csv (13 records, base-side section_gp=0, xi=-1.000000)
  CSV: data/output/cyclic_validation/reboot_moment_curvature_closure_matrix_full\cases\n07_gauss_lobatto_small_strain\section_baseline/section_moment_curvature_baseline.csv (13 records)
  CSV: data/output/cyclic_validation/reboot_moment_curvature_closure_matrix_full\cases\n07_gauss_lobatto_small_strain\moment_curvature_closure.csv (5 records)
  CSV: data/output/cyclic_validation/reboot_moment_curvature_closure_matrix_full\cases\n07_gauss_lobatto_small_strain\moment_curvature_closure_summary.csv (summary row written)
  Incremental solve: 16 steps, max bisection depth = 4

  ── Step 1/16: p = 0.0000 → 0.0625 ──
    p=0.062500  converged  (reason=3, 2 iterations)

  ── Step 2/16: p = 0.0625 → 0.1250 ──
    p=0.125000  converged  (reason=3, 2 iterations)

  ── Step 3/16: p = 0.1250 → 0.1875 ──
    p=0.187500  converged  (reason=3, 2 iterations)

  ── Step 4/16: p = 0.1875 → 0.2500 ──
    p=0.250000  converged  (reason=3, 2 iterations)

  ── Step 5/16: p = 0.2500 → 0.3125 ──
    p=0.312500  converged  (reason=3, 2 iterations)

  ── Step 6/16: p = 0.3125 → 0.3750 ──
    p=0.375000  converged  (reason=3, 2 iterations)

  ── Step 7/16: p = 0.3750 → 0.4375 ──
    p=0.437500  converged  (reason=3, 2 iterations)

  ── Step 8/16: p = 0.4375 → 0.5000 ──
    p=0.500000  converged  (reason=3, 2 iterations)

  ── Step 9/16: p = 0.5000 → 0.5625 ──
    p=0.562500  converged  (reason=3, 2 iterations)

  ── Step 10/16: p = 0.5625 → 0.6250 ──
    p=0.625000  converged  (reason=3, 2 iterations)

  ── Step 11/16: p = 0.6250 → 0.6875 ──
    p=0.687500  converged  (reason=3, 2 iterations)

  ── Step 12/16: p = 0.6875 → 0.7500 ──
    p=0.750000  converged  (reason=3, 2 iterations)

  ── Step 13/16: p = 0.7500 → 0.8125 ──
    p=0.812500  converged  (reason=3, 2 iterations)

  ── Step 14/16: p = 0.8125 → 0.8750 ──
    p=0.875000  converged  (reason=3, 2 iterations)

  ── Step 15/16: p = 0.8750 → 0.9375 ──
    p=0.937500  converged  (reason=3, 3 iterations)

  ── Step 16/16: p = 0.9375 → 1.0000 ──
    p=1.000000  converged  (reason=3, 2 iterations)
  Incremental solve COMPLETED at p = 1.0000
  CSV: data/output/cyclic_validation/reboot_moment_curvature_closure_matrix_full\cases\n07_gauss_radau_left_small_strain\structural_baseline/section_response.csv (78 records)
  CSV: data/output/cyclic_validation/reboot_moment_curvature_closure_matrix_full\cases\n07_gauss_radau_left_small_strain\structural_baseline/moment_curvature_base.csv (13 records, base-side section_gp=0, xi=-1.000000)
  CSV: data/output/cyclic_validation/reboot_moment_curvature_closure_matrix_full\cases\n07_gauss_radau_left_small_strain\section_baseline/section_moment_curvature_baseline.csv (13 records)
  CSV: data/output/cyclic_validation/reboot_moment_curvature_closure_matrix_full\cases\n07_gauss_radau_left_small_strain\moment_curvature_closure.csv (5 records)
  CSV: data/output/cyclic_validation/reboot_moment_curvature_closure_matrix_full\cases\n07_gauss_radau_left_small_strain\moment_curvature_closure_summary.csv (summary row written)
  Incremental solve: 16 steps, max bisection depth = 4

  ── Step 1/16: p = 0.0000 → 0.0625 ──
    p=0.062500  converged  (reason=3, 2 iterations)

  ── Step 2/16: p = 0.0625 → 0.1250 ──
    p=0.125000  converged  (reason=3, 2 iterations)

  ── Step 3/16: p = 0.1250 → 0.1875 ──
    p=0.187500  converged  (reason=3, 2 iterations)

  ── Step 4/16: p = 0.1875 → 0.2500 ──
    p=0.250000  converged  (reason=3, 2 iterations)

  ── Step 5/16: p = 0.2500 → 0.3125 ──
    p=0.312500  converged  (reason=3, 2 iterations)

  ── Step 6/16: p = 0.3125 → 0.3750 ──
    p=0.375000  converged  (reason=3, 2 iterations)

  ── Step 7/16: p = 0.3750 → 0.4375 ──
    p=0.437500  converged  (reason=3, 2 iterations)

  ── Step 8/16: p = 0.4375 → 0.5000 ──
    p=0.500000  converged  (reason=3, 2 iterations)

  ── Step 9/16: p = 0.5000 → 0.5625 ──
    p=0.562500  converged  (reason=3, 2 iterations)

  ── Step 10/16: p = 0.5625 → 0.6250 ──
    p=0.625000  converged  (reason=3, 2 iterations)

  ── Step 11/16: p = 0.6250 → 0.6875 ──
    p=0.687500  converged  (reason=3, 2 iterations)

  ── Step 12/16: p = 0.6875 → 0.7500 ──
    p=0.750000  converged  (reason=3, 3 iterations)

  ── Step 13/16: p = 0.7500 → 0.8125 ──
    p=0.812500  converged  (reason=3, 2 iterations)

  ── Step 14/16: p = 0.8125 → 0.8750 ──
    p=0.875000  converged  (reason=3, 2 iterations)

  ── Step 15/16: p = 0.8750 → 0.9375 ──
    p=0.937500  converged  (reason=3, 2 iterations)

  ── Step 16/16: p = 0.9375 → 1.0000 ──
    p=1.000000  converged  (reason=3, 2 iterations)
  Incremental solve COMPLETED at p = 1.0000
  CSV: data/output/cyclic_validation/reboot_moment_curvature_closure_matrix_full\cases\n07_gauss_radau_right_small_strain\structural_baseline/section_response.csv (78 records)
  CSV: data/output/cyclic_validation/reboot_moment_curvature_closure_matrix_full\cases\n07_gauss_radau_right_small_strain\structural_baseline/moment_curvature_base.csv (13 records, base-side section_gp=0, xi=-0.920380)
  CSV: data/output/cyclic_validation/reboot_moment_curvature_closure_matrix_full\cases\n07_gauss_radau_right_small_strain\section_baseline/section_moment_curvature_baseline.csv (13 records)
  CSV: data/output/cyclic_validation/reboot_moment_curvature_closure_matrix_full\cases\n07_gauss_radau_right_small_strain\moment_curvature_closure.csv (5 records)
  CSV: data/output/cyclic_validation/reboot_moment_curvature_closure_matrix_full\cases\n07_gauss_radau_right_small_strain\moment_curvature_closure_summary.csv (summary row written)
  Incremental solve: 16 steps, max bisection depth = 4

  ── Step 1/16: p = 0.0000 → 0.0625 ──
    p=0.062500  converged  (reason=3, 2 iterations)

  ── Step 2/16: p = 0.0625 → 0.1250 ──
    p=0.125000  converged  (reason=3, 2 iterations)

  ── Step 3/16: p = 0.1250 → 0.1875 ──
    p=0.187500  converged  (reason=3, 2 iterations)

  ── Step 4/16: p = 0.1875 → 0.2500 ──
    p=0.250000  converged  (reason=3, 2 iterations)

  ── Step 5/16: p = 0.2500 → 0.3125 ──
    p=0.312500  converged  (reason=3, 3 iterations)

  ── Step 6/16: p = 0.3125 → 0.3750 ──
    p=0.375000  converged  (reason=3, 2 iterations)

  ── Step 7/16: p = 0.3750 → 0.4375 ──
    p=0.437500  converged  (reason=3, 2 iterations)

  ── Step 8/16: p = 0.4375 → 0.5000 ──
    p=0.500000  converged  (reason=3, 2 iterations)

  ── Step 9/16: p = 0.5000 → 0.5625 ──
    p=0.562500  converged  (reason=3, 2 iterations)

  ── Step 10/16: p = 0.5625 → 0.6250 ──
    p=0.625000  converged  (reason=3, 2 iterations)

  ── Step 11/16: p = 0.6250 → 0.6875 ──
    p=0.687500  converged  (reason=3, 2 iterations)

  ── Step 12/16: p = 0.6875 → 0.7500 ──
    p=0.750000  converged  (reason=3, 2 iterations)

  ── Step 13/16: p = 0.7500 → 0.8125 ──
    p=0.812500  converged  (reason=3, 3 iterations)

  ── Step 14/16: p = 0.8125 → 0.8750 ──
    p=0.875000  converged  (reason=3, 2 iterations)

  ── Step 15/16: p = 0.8750 → 0.9375 ──
    p=0.937500  converged  (reason=3, 3 iterations)

  ── Step 16/16: p = 0.9375 → 1.0000 ──
    p=1.000000  converged  (reason=3, 2 iterations)
  Incremental solve COMPLETED at p = 1.0000
  CSV: data/output/cyclic_validation/reboot_moment_curvature_closure_matrix_full\cases\n08_gauss_legendre_small_strain\structural_baseline/section_response.csv (91 records)
  CSV: data/output/cyclic_validation/reboot_moment_curvature_closure_matrix_full\cases\n08_gauss_legendre_small_strain\structural_baseline/moment_curvature_base.csv (13 records, base-side section_gp=0, xi=-0.949108)
  CSV: data/output/cyclic_validation/reboot_moment_curvature_closure_matrix_full\cases\n08_gauss_legendre_small_strain\section_baseline/section_moment_curvature_baseline.csv (13 records)
  CSV: data/output/cyclic_validation/reboot_moment_curvature_closure_matrix_full\cases\n08_gauss_legendre_small_strain\moment_curvature_closure.csv (5 records)
  CSV: data/output/cyclic_validation/reboot_moment_curvature_closure_matrix_full\cases\n08_gauss_legendre_small_strain\moment_curvature_closure_summary.csv (summary row written)
  Incremental solve: 16 steps, max bisection depth = 4

  ── Step 1/16: p = 0.0000 → 0.0625 ──
    p=0.062500  converged  (reason=3, 2 iterations)

  ── Step 2/16: p = 0.0625 → 0.1250 ──
    p=0.125000  converged  (reason=3, 2 iterations)

  ── Step 3/16: p = 0.1250 → 0.1875 ──
    p=0.187500  converged  (reason=3, 2 iterations)

  ── Step 4/16: p = 0.1875 → 0.2500 ──
    p=0.250000  converged  (reason=3, 2 iterations)

  ── Step 5/16: p = 0.2500 → 0.3125 ──
    p=0.312500  converged  (reason=3, 2 iterations)

  ── Step 6/16: p = 0.3125 → 0.3750 ──
    p=0.375000  converged  (reason=3, 2 iterations)

  ── Step 7/16: p = 0.3750 → 0.4375 ──
    p=0.437500  converged  (reason=3, 2 iterations)

  ── Step 8/16: p = 0.4375 → 0.5000 ──
    p=0.500000  converged  (reason=3, 2 iterations)

  ── Step 9/16: p = 0.5000 → 0.5625 ──
    p=0.562500  converged  (reason=3, 2 iterations)

  ── Step 10/16: p = 0.5625 → 0.6250 ──
    p=0.625000  converged  (reason=3, 2 iterations)

  ── Step 11/16: p = 0.6250 → 0.6875 ──
    p=0.687500  converged  (reason=3, 2 iterations)

  ── Step 12/16: p = 0.6875 → 0.7500 ──
    p=0.750000  converged  (reason=3, 3 iterations)

  ── Step 13/16: p = 0.7500 → 0.8125 ──
    p=0.812500  converged  (reason=3, 2 iterations)

  ── Step 14/16: p = 0.8125 → 0.8750 ──
    p=0.875000  converged  (reason=3, 2 iterations)

  ── Step 15/16: p = 0.8750 → 0.9375 ──
    p=0.937500  converged  (reason=3, 3 iterations)

  ── Step 16/16: p = 0.9375 → 1.0000 ──
    p=1.000000  converged  (reason=3, 2 iterations)
  Incremental solve COMPLETED at p = 1.0000
  CSV: data/output/cyclic_validation/reboot_moment_curvature_closure_matrix_full\cases\n08_gauss_lobatto_small_strain\structural_baseline/section_response.csv (91 records)
  CSV: data/output/cyclic_validation/reboot_moment_curvature_closure_matrix_full\cases\n08_gauss_lobatto_small_strain\structural_baseline/moment_curvature_base.csv (13 records, base-side section_gp=0, xi=-1.000000)
  CSV: data/output/cyclic_validation/reboot_moment_curvature_closure_matrix_full\cases\n08_gauss_lobatto_small_strain\section_baseline/section_moment_curvature_baseline.csv (13 records)
  CSV: data/output/cyclic_validation/reboot_moment_curvature_closure_matrix_full\cases\n08_gauss_lobatto_small_strain\moment_curvature_closure.csv (5 records)
  CSV: data/output/cyclic_validation/reboot_moment_curvature_closure_matrix_full\cases\n08_gauss_lobatto_small_strain\moment_curvature_closure_summary.csv (summary row written)
  Incremental solve: 16 steps, max bisection depth = 4

  ── Step 1/16: p = 0.0000 → 0.0625 ──
    p=0.062500  converged  (reason=3, 2 iterations)

  ── Step 2/16: p = 0.0625 → 0.1250 ──
    p=0.125000  converged  (reason=3, 2 iterations)

  ── Step 3/16: p = 0.1250 → 0.1875 ──
    p=0.187500  converged  (reason=3, 2 iterations)

  ── Step 4/16: p = 0.1875 → 0.2500 ──
    p=0.250000  converged  (reason=3, 2 iterations)

  ── Step 5/16: p = 0.2500 → 0.3125 ──
    p=0.312500  converged  (reason=3, 2 iterations)

  ── Step 6/16: p = 0.3125 → 0.3750 ──
    p=0.375000  converged  (reason=3, 2 iterations)

  ── Step 7/16: p = 0.3750 → 0.4375 ──
    p=0.437500  converged  (reason=3, 2 iterations)

  ── Step 8/16: p = 0.4375 → 0.5000 ──
    p=0.500000  converged  (reason=3, 2 iterations)

  ── Step 9/16: p = 0.5000 → 0.5625 ──
    p=0.562500  converged  (reason=3, 2 iterations)

  ── Step 10/16: p = 0.5625 → 0.6250 ──
    p=0.625000  converged  (reason=3, 2 iterations)

  ── Step 11/16: p = 0.6250 → 0.6875 ──
    p=0.687500  converged  (reason=3, 2 iterations)

  ── Step 12/16: p = 0.6875 → 0.7500 ──
    p=0.750000  converged  (reason=3, 2 iterations)

  ── Step 13/16: p = 0.7500 → 0.8125 ──
    p=0.812500  converged  (reason=3, 2 iterations)

  ── Step 14/16: p = 0.8125 → 0.8750 ──
    p=0.875000  converged  (reason=3, 2 iterations)

  ── Step 15/16: p = 0.8750 → 0.9375 ──
    p=0.937500  converged  (reason=3, 2 iterations)

  ── Step 16/16: p = 0.9375 → 1.0000 ──
    p=1.000000  converged  (reason=3, 2 iterations)
  Incremental solve COMPLETED at p = 1.0000
  CSV: data/output/cyclic_validation/reboot_moment_curvature_closure_matrix_full\cases\n08_gauss_radau_left_small_strain\structural_baseline/section_response.csv (91 records)
  CSV: data/output/cyclic_validation/reboot_moment_curvature_closure_matrix_full\cases\n08_gauss_radau_left_small_strain\structural_baseline/moment_curvature_base.csv (13 records, base-side section_gp=0, xi=-1.000000)
  CSV: data/output/cyclic_validation/reboot_moment_curvature_closure_matrix_full\cases\n08_gauss_radau_left_small_strain\section_baseline/section_moment_curvature_baseline.csv (13 records)
  CSV: data/output/cyclic_validation/reboot_moment_curvature_closure_matrix_full\cases\n08_gauss_radau_left_small_strain\moment_curvature_closure.csv (5 records)
  CSV: data/output/cyclic_validation/reboot_moment_curvature_closure_matrix_full\cases\n08_gauss_radau_left_small_strain\moment_curvature_closure_summary.csv (summary row written)
  Incremental solve: 16 steps, max bisection depth = 4

  ── Step 1/16: p = 0.0000 → 0.0625 ──
    p=0.062500  converged  (reason=3, 2 iterations)

  ── Step 2/16: p = 0.0625 → 0.1250 ──
[...]
  CSV: data/output/cyclic_validation/reboot_quadrature_sensitivity_study_finite\n04_gauss_lobatto_small_strain\moment_curvature_closure_summary.csv (summary row written)
  Incremental solve: 16 steps, max bisection depth = 4

  ── Step 1/16: p = 0.0000 → 0.0625 ──
    p=0.062500  converged  (reason=3, 2 iterations)

  ── Step 2/16: p = 0.0625 → 0.1250 ──
    p=0.125000  converged  (reason=3, 2 iterations)

  ── Step 3/16: p = 0.1250 → 0.1875 ──
    p=0.187500  converged  (reason=3, 2 iterations)

  ── Step 4/16: p = 0.1875 → 0.2500 ──
    p=0.250000  converged  (reason=3, 2 iterations)

  ── Step 5/16: p = 0.2500 → 0.3125 ──
    p=0.312500  converged  (reason=3, 2 iterations)

  ── Step 6/16: p = 0.3125 → 0.3750 ──
    p=0.375000  converged  (reason=3, 2 iterations)

  ── Step 7/16: p = 0.3750 → 0.4375 ──
    p=0.437500  converged  (reason=3, 2 iterations)

  ── Step 8/16: p = 0.4375 → 0.5000 ──
    p=0.500000  converged  (reason=3, 2 iterations)

  ── Step 9/16: p = 0.5000 → 0.5625 ──
    p=0.562500  converged  (reason=3, 2 iterations)

  ── Step 10/16: p = 0.5625 → 0.6250 ──
    p=0.625000  converged  (reason=3, 2 iterations)

  ── Step 11/16: p = 0.6250 → 0.6875 ──
    p=0.687500  converged  (reason=3, 2 iterations)

  ── Step 12/16: p = 0.6875 → 0.7500 ──
    p=0.750000  converged  (reason=3, 2 iterations)

  ── Step 13/16: p = 0.7500 → 0.8125 ──
    p=0.812500  converged  (reason=3, 2 iterations)

  ── Step 14/16: p = 0.8125 → 0.8750 ──
    p=0.875000  converged  (reason=3, 2 iterations)

  ── Step 15/16: p = 0.8750 → 0.9375 ──
    p=0.937500  converged  (reason=3, 2 iterations)

  ── Step 16/16: p = 0.9375 → 1.0000 ──
    p=1.000000  converged  (reason=3, 2 iterations)
  Incremental solve COMPLETED at p = 1.0000
  CSV: data/output/cyclic_validation/reboot_quadrature_sensitivity_study_finite\n04_gauss_radau_left_small_strain\structural_baseline/section_response.csv (39 records)
  CSV: data/output/cyclic_validation/reboot_quadrature_sensitivity_study_finite\n04_gauss_radau_left_small_strain\structural_baseline/moment_curvature_base.csv (13 records, base-side section_gp=0, xi=-1.000000)
  CSV: data/output/cyclic_validation/reboot_quadrature_sensitivity_study_finite\n04_gauss_radau_left_small_strain\section_baseline/section_moment_curvature_baseline.csv (13 records)
  CSV: data/output/cyclic_validation/reboot_quadrature_sensitivity_study_finite\n04_gauss_radau_left_small_strain\moment_curvature_closure.csv (5 records)
  CSV: data/output/cyclic_validation/reboot_quadrature_sensitivity_study_finite\n04_gauss_radau_left_small_strain\moment_curvature_closure_summary.csv (summary row written)
  Incremental solve: 16 steps, max bisection depth = 4

  ── Step 1/16: p = 0.0000 → 0.0625 ──
    p=0.062500  converged  (reason=3, 2 iterations)

  ── Step 2/16: p = 0.0625 → 0.1250 ──
    p=0.125000  converged  (reason=3, 2 iterations)

  ── Step 3/16: p = 0.1250 → 0.1875 ──
    p=0.187500  converged  (reason=3, 2 iterations)

  ── Step 4/16: p = 0.1875 → 0.2500 ──
    p=0.250000  converged  (reason=3, 2 iterations)

  ── Step 5/16: p = 0.2500 → 0.3125 ──
    p=0.312500  converged  (reason=3, 2 iterations)

  ── Step 6/16: p = 0.3125 → 0.3750 ──
    p=0.375000  converged  (reason=3, 2 iterations)

  ── Step 7/16: p = 0.3750 → 0.4375 ──
    p=0.437500  converged  (reason=3, 2 iterations)

  ── Step 8/16: p = 0.4375 → 0.5000 ──
    p=0.500000  converged  (reason=3, 2 iterations)

  ── Step 9/16: p = 0.5000 → 0.5625 ──
    p=0.562500  converged  (reason=3, 3 iterations)

  ── Step 10/16: p = 0.5625 → 0.6250 ──
    p=0.625000  converged  (reason=3, 3 iterations)

  ── Step 11/16: p = 0.6250 → 0.6875 ──
    p=0.687500  converged  (reason=3, 2 iterations)

  ── Step 12/16: p = 0.6875 → 0.7500 ──
    p=0.750000  converged  (reason=3, 2 iterations)

  ── Step 13/16: p = 0.7500 → 0.8125 ──
    p=0.812500  converged  (reason=3, 2 iterations)

  ── Step 14/16: p = 0.8125 → 0.8750 ──
    p=0.875000  converged  (reason=3, 2 iterations)

  ── Step 15/16: p = 0.8750 → 0.9375 ──
    p=0.937500  converged  (reason=3, 2 iterations)

  ── Step 16/16: p = 0.9375 → 1.0000 ──
    p=1.000000  converged  (reason=3, 2 iterations)
  Incremental solve COMPLETED at p = 1.0000
  CSV: data/output/cyclic_validation/reboot_quadrature_sensitivity_study_finite\n04_gauss_radau_right_small_strain\structural_baseline/section_response.csv (39 records)
  CSV: data/output/cyclic_validation/reboot_quadrature_sensitivity_study_finite\n04_gauss_radau_right_small_strain\structural_baseline/moment_curvature_base.csv (13 records, base-side section_gp=0, xi=-0.689898)
  CSV: data/output/cyclic_validation/reboot_quadrature_sensitivity_study_finite\n04_gauss_radau_right_small_strain\section_baseline/section_moment_curvature_baseline.csv (13 records)
  CSV: data/output/cyclic_validation/reboot_quadrature_sensitivity_study_finite\n04_gauss_radau_right_small_strain\moment_curvature_closure.csv (5 records)
  CSV: data/output/cyclic_validation/reboot_quadrature_sensitivity_study_finite\n04_gauss_radau_right_small_strain\moment_curvature_closure_summary.csv (summary row written)
  Incremental solve: 16 steps, max bisection depth = 4

  ── Step 1/16: p = 0.0000 → 0.0625 ──
    p=0.062500  converged  (reason=3, 2 iterations)

  ── Step 2/16: p = 0.0625 → 0.1250 ──
    p=0.125000  converged  (reason=3, 2 iterations)

  ── Step 3/16: p = 0.1250 → 0.1875 ──
    p=0.187500  converged  (reason=3, 2 iterations)

  ── Step 4/16: p = 0.1875 → 0.2500 ──
    p=0.250000  converged  (reason=3, 2 iterations)

  ── Step 5/16: p = 0.2500 → 0.3125 ──
    p=0.312500  converged  (reason=3, 2 iterations)

  ── Step 6/16: p = 0.3125 → 0.3750 ──
    p=0.375000  converged  (reason=3, 2 iterations)

  ── Step 7/16: p = 0.3750 → 0.4375 ──
    p=0.437500  converged  (reason=3, 2 iterations)

  ── Step 8/16: p = 0.4375 → 0.5000 ──
    p=0.500000  converged  (reason=3, 2 iterations)

  ── Step 9/16: p = 0.5000 → 0.5625 ──
    p=0.562500  converged  (reason=3, 2 iterations)

  ── Step 10/16: p = 0.5625 → 0.6250 ──
    p=0.625000  converged  (reason=3, 2 iterations)

  ── Step 11/16: p = 0.6250 → 0.6875 ──
    p=0.687500  converged  (reason=3, 2 iterations)

  ── Step 12/16: p = 0.6875 → 0.7500 ──
    p=0.750000  converged  (reason=3, 2 iterations)

  ── Step 13/16: p = 0.7500 → 0.8125 ──
    p=0.812500  converged  (reason=3, 2 iterations)

  ── Step 14/16: p = 0.8125 → 0.8750 ──
    p=0.875000  converged  (reason=3, 2 iterations)

  ── Step 15/16: p = 0.8750 → 0.9375 ──
    p=0.937500  converged  (reason=3, 3 iterations)

  ── Step 16/16: p = 0.9375 → 1.0000 ──
    p=1.000000  converged  (reason=3, 2 iterations)
  Incremental solve COMPLETED at p = 1.0000
  CSV: data/output/cyclic_validation/reboot_quadrature_sensitivity_study_finite\n10_gauss_legendre_small_strain\structural_baseline/section_response.csv (117 records)
  CSV: data/output/cyclic_validation/reboot_quadrature_sensitivity_study_finite\n10_gauss_legendre_small_strain\structural_baseline/moment_curvature_base.csv (13 records, base-side section_gp=0, xi=-0.968160)
  CSV: data/output/cyclic_validation/reboot_quadrature_sensitivity_study_finite\n10_gauss_legendre_small_strain\section_baseline/section_moment_curvature_baseline.csv (13 records)
  CSV: data/output/cyclic_validation/reboot_quadrature_sensitivity_study_finite\n10_gauss_legendre_small_strain\moment_curvature_closure.csv (5 records)
  CSV: data/output/cyclic_validation/reboot_quadrature_sensitivity_study_finite\n10_gauss_legendre_small_strain\moment_curvature_closure_summary.csv (summary row written)
  Incremental solve: 16 steps, max bisection depth = 4

  ── Step 1/16: p = 0.0000 → 0.0625 ──
    p=0.062500  converged  (reason=3, 2 iterations)

  ── Step 2/16: p = 0.0625 → 0.1250 ──
    p=0.125000  converged  (reason=3, 2 iterations)

  ── Step 3/16: p = 0.1250 → 0.1875 ──
    p=0.187500  converged  (reason=3, 2 iterations)

  ── Step 4/16: p = 0.1875 → 0.2500 ──
    p=0.250000  converged  (reason=3, 2 iterations)

  ── Step 5/16: p = 0.2500 → 0.3125 ──
    p=0.312500  converged  (reason=3, 2 iterations)

  ── Step 6/16: p = 0.3125 → 0.3750 ──
    p=0.375000  converged  (reason=3, 2 iterations)

  ── Step 7/16: p = 0.3750 → 0.4375 ──
    p=0.437500  converged  (reason=3, 2 iterations)

  ── Step 8/16: p = 0.4375 → 0.5000 ──
    p=0.500000  converged  (reason=3, 2 iterations)

  ── Step 9/16: p = 0.5000 → 0.5625 ──
    p=0.562500  converged  (reason=3, 3 iterations)

  ── Step 10/16: p = 0.5625 → 0.6250 ──
    p=0.625000  converged  (reason=3, 2 iterations)

  ── Step 11/16: p = 0.6250 → 0.6875 ──
    p=0.687500  converged  (reason=3, 2 iterations)

  ── Step 12/16: p = 0.6875 → 0.7500 ──
    p=0.750000  converged  (reason=3, 2 iterations)

  ── Step 13/16: p = 0.7500 → 0.8125 ──
    p=0.812500  converged  (reason=3, 2 iterations)

  ── Step 14/16: p = 0.8125 → 0.8750 ──
    p=0.875000  converged  (reason=3, 2 iterations)

  ── Step 15/16: p = 0.8750 → 0.9375 ──
    p=0.937500  converged  (reason=3, 3 iterations)

  ── Step 16/16: p = 0.9375 → 1.0000 ──
    p=1.000000  converged  (reason=3, 2 iterations)
  Incremental solve COMPLETED at p = 1.0000
  CSV: data/output/cyclic_validation/reboot_quadrature_sensitivity_study_finite\n10_gauss_lobatto_small_strain\structural_baseline/section_response.csv (117 records)
  CSV: data/output/cyclic_validation/reboot_quadrature_sensitivity_study_finite\n10_gauss_lobatto_small_strain\structural_baseline/moment_curvature_base.csv (13 records, base-side section_gp=0, xi=-1.000000)
  CSV: data/output/cyclic_validation/reboot_quadrature_sensitivity_study_finite\n10_gauss_lobatto_small_strain\section_baseline/section_moment_curvature_baseline.csv (13 records)
  CSV: data/output/cyclic_validation/reboot_quadrature_sensitivity_study_finite\n10_gauss_lobatto_small_strain\moment_curvature_closure.csv (5 records)
  CSV: data/output/cyclic_validation/reboot_quadrature_sensitivity_study_finite\n10_gauss_lobatto_small_strain\moment_curvature_closure_summary.csv (summary row written)
  Incremental solve: 16 steps, max bisection depth = 4

  ── Step 1/16: p = 0.0000 → 0.0625 ──
    p=0.062500  converged  (reason=3, 2 iterations)

  ── Step 2/16: p = 0.0625 → 0.1250 ──
    p=0.125000  converged  (reason=3, 2 iterations)

  ── Step 3/16: p = 0.1250 → 0.1875 ──
    p=0.187500  converged  (reason=3, 2 iterations)

  ── Step 4/16: p = 0.1875 → 0.2500 ──
    p=0.250000  converged  (reason=3, 2 iterations)

  ── Step 5/16: p = 0.2500 → 0.3125 ──
    p=0.312500  converged  (reason=3, 2 iterations)

  ── Step 6/16: p = 0.3125 → 0.3750 ──
    p=0.375000  converged  (reason=3, 2 iterations)

  ── Step 7/16: p = 0.3750 → 0.4375 ──
    p=0.437500  converged  (reason=3, 2 iterations)

  ── Step 8/16: p = 0.4375 → 0.5000 ──
    p=0.500000  converged  (reason=3, 2 iterations)

  ── Step 9/16: p = 0.5000 → 0.5625 ──
    p=0.562500  converged  (reason=3, 3 iterations)

  ── Step 10/16: p = 0.5625 → 0.6250 ──
    p=0.625000  converged  (reason=3, 2 iterations)

  ── Step 11/16: p = 0.6250 → 0.6875 ──
    p=0.687500  converged  (reason=3, 3 iterations)

  ── Step 12/16: p = 0.6875 → 0.7500 ──
    p=0.750000  converged  (reason=3, 2 iterations)

  ── Step 13/16: p = 0.7500 → 0.8125 ──
    p=0.812500  converged  (reason=3, 3 iterations)

  ── Step 14/16: p = 0.8125 → 0.8750 ──
    p=0.875000  converged  (reason=3, 2 iterations)

  ── Step 15/16: p = 0.8750 → 0.9375 ──
    p=0.937500  converged  (reason=3, 2 iterations)

  ── Step 16/16: p = 0.9375 → 1.0000 ──
    p=1.000000  converged  (reason=3, 2 iterations)
  Incremental solve COMPLETED at p = 1.0000
  CSV: data/output/cyclic_validation/reboot_quadrature_sensitivity_study_finite\n10_gauss_radau_left_small_strain\structural_baseline/section_response.csv (117 records)
  CSV: data/output/cyclic_validation/reboot_quadrature_sensitivity_study_finite\n10_gauss_radau_left_small_strain\structural_baseline/moment_curvature_base.csv (13 records, base-side section_gp=0, xi=-1.000000)
  CSV: data/output/cyclic_validation/reboot_quadrature_sensitivity_study_finite\n10_gauss_radau_left_small_strain\section_baseline/section_moment_curvature_baseline.csv (13 records)
  CSV: data/output/cyclic_validation/reboot_quadrature_sensitivity_study_finite\n10_gauss_radau_left_small_strain\moment_curvature_closure.csv (5 records)
  CSV: data/output/cyclic_validation/reboot_quadrature_sensitivity_study_finite\n10_gauss_radau_left_small_strain\moment_curvature_closure_summary.csv (summary row written)
  Incremental solve: 16 steps, max bisection depth = 4

  ── Step 1/16: p = 0.0000 → 0.0625 ──
    p=0.062500  converged  (reason=3, 2 iterations)

  ── Step 2/16: p = 0.0625 → 0.1250 ──
    p=0.125000  converged  (reason=3, 2 iterations)

  ── Step 3/16: p = 0.1250 → 0.1875 ──
    p=0.187500  converged  (reason=3, 2 iterations)

  ── Step 4/16: p = 0.1875 → 0.2500 ──
    p=0.250000  converged  (reason=3, 2 iterations)

  ── Step 5/16: p = 0.2500 → 0.3125 ──
    p=0.312500  converged  (reason=3, 2 iterations)

  ── Step 6/16: p = 0.3125 → 0.3750 ──
    p=0.375000  converged  (reason=3, 2 iterations)

  ── Step 7/16: p = 0.3750 → 0.4375 ──
    p=0.437500  converged  (reason=3, 2 iterations)

  ── Step 8/16: p = 0.4375 → 0.5000 ──
    p=0.500000  converged  (reason=3, 2 iterations)

  ── Step 9/16: p = 0.5000 → 0.5625 ──
    p=0.562500  converged  (reason=3, 2 iterations)

  ── Step 10/16: p = 0.5625 → 0.6250 ──
    p=0.625000  converged  (reason=3, 2 iterations)

  ── Step 11/16: p = 0.6250 → 0.6875 ──
    p=0.687500  converged  (reason=3, 2 iterations)

  ── Step 12/16: p = 0.6875 → 0.7500 ──
    p=0.750000  converged  (reason=3, 2 iterations)

  ── Step 13/16: p = 0.7500 → 0.8125 ──
    p=0.812500  converged  (reason=3, 2 iterations)

  ── Step 14/16: p = 0.8125 → 0.8750 ──
    p=0.875000  converged  (reason=3, 2 iterations)

  ── Step 15/16: p = 0.8750 → 0.9375 ──
    p=0.937500  converged  (reason=3, 2 iterations)

  ── Step 16/16: p = 0.9375 → 1.0000 ──
    p=1.000000  converged  (reason=3, 2 iterations)
  Incremental solve COMPLETED at p = 1.0000
  CSV: data/output/cyclic_validation/reboot_quadrature_sensitivity_study_finite\n10_gauss_radau_right_small_strain\structural_baseline/section_response.csv (117 records)
  CSV: data/output/cyclic_validation/reboot_quadrature_sensitivity_study_finite\n10_gauss_radau_right_small_strain\structural_baseline/moment_curvature_base.csv (13 records, base-side section_gp=0, xi=-0.964440)
  CSV: data/output/cyclic_validation/reboot_quadrature_sensitivity_study_finite\n10_gauss_radau_right_small_strain\section_baseline/section_moment_curvature_baseline.csv (13 records)
  CSV: data/output/cyclic_validation/reboot_quadrature_sensitivity_study_finite\n10_gauss_radau_right_small_strain\moment_curvature_closure.csv (5 records)
  CSV: data/output/cyclic_validation/reboot_quadrature_sensitivity_study_finite\n10_gauss_radau_right_small_strain\moment_curvature_closure_summary.csv (summary row written)
  CSV: data/output/cyclic_validation/reboot_quadrature_sensitivity_study_finite\quadrature_sensitivity_case_comparisons.csv (12 quadrature-sensitivity cases)
  CSV: data/output/cyclic_validation/reboot_quadrature_sensitivity_study_finite\quadrature_sensitivity_node_summary.csv (9 node rows)
  CSV: data/output/cyclic_validation/reboot_quadrature_sensitivity_study_finite\quadrature_sensitivity_family_summary.csv (4 family rows)
  CSV: data/output/cyclic_validation/reboot_quadrature_sensitivity_study_finite\quadrature_sensitivity_reference_cases.csv (3 reference rows)
  CSV: data/output/cyclic_validation/reboot_quadrature_sensitivity_study_finite\quadrature_sensitivity_overall_summary.csv (quadrature-sensitivity summary row written)
  PASS  reduced_rc_column_quadrature_sensitivity_study_produces_finite_family_spread_metrics

Summary: 3 passed, 0 failed.
<end of output>
Test time =  19.54 sec
----------------------------------------------------------
Test Passed.
"reduced_rc_column_quadrature_sensitivity_study" end time: Apr 15 18:36 Hora est. Pac�fico, Sudam�rica
"reduced_rc_column_quadrature_sensitivity_study" time elapsed: 00:00:19
----------------------------------------------------------

72/86 Testing: reduced_rc_column_validation_claim_catalog
72/86 Test: reduced_rc_column_validation_claim_catalog
Command: "C:/MyLibs/fall_n/build_stage8_validation/fall_n_reduced_rc_column_validation_claim_catalog_test.exe"
Directory: C:/MyLibs/fall_n/build_stage8_validation
"reduced_rc_column_validation_claim_catalog" start time: Apr 15 18:36 Hora est. Pac�fico, Sudam�rica
Output:
----------------------------------------------------------
=== Reduced RC Column Validation Claim Catalog Tests ===
  PASS  all_current_claims_stay_on_the_runtime_ready_small_strain_family
  PASS  quadrature_enabler_claim_is_frozen_but_not_overclaimed
  PASS  runtime_ready_claims_remain_prebenchmark_claims
  PASS  moment_curvature_observable_is_runtime_ready_but_prebenchmark
  PASS  benchmark_pending_claims_are_only_refinement_and_quadrature_sensitivity
  PASS  structural_matrix_and_claim_matrix_have_consistent_runtime_frontier

Summary: 6 passed, 0 failed.
<end of output>
Test time =   0.02 sec
----------------------------------------------------------
Test Passed.
"reduced_rc_column_validation_claim_catalog" end time: Apr 15 18:36 Hora est. Pac�fico, Sudam�rica
"reduced_rc_column_validation_claim_catalog" time elapsed: 00:00:00
----------------------------------------------------------

73/86 Testing: reduced_rc_column_benchmark_trace_catalog
73/86 Test: reduced_rc_column_benchmark_trace_catalog
Command: "C:/MyLibs/fall_n/build_stage8_validation/fall_n_reduced_rc_column_benchmark_trace_catalog_test.exe"
Directory: C:/MyLibs/fall_n/build_stage8_validation
"reduced_rc_column_benchmark_trace_catalog" start time: Apr 15 18:36 Hora est. Pac�fico, Sudam�rica
Output:
----------------------------------------------------------
=== Reduced RC Column Benchmark Trace Catalog Tests ===
  PASS  every_benchmark_row_targets_an_open_prebenchmark_claim
  PASS  benchmark_rows_cover_only_runtime_ready_and_benchmark_pending_claims
  PASS  reference_classes_are_honest
  PASS  phase3_structural_physical_gate_requires_all_but_runtime_surface_completeness
  PASS  benchmark_count_summary_matches_the_intended_mix

Summary: 5 passed, 0 failed.
<end of output>
Test time =   0.02 sec
----------------------------------------------------------
Test Passed.
"reduced_rc_column_benchmark_trace_catalog" end time: Apr 15 18:36 Hora est. Pac�fico, Sudam�rica
"reduced_rc_column_benchmark_trace_catalog" time elapsed: 00:00:00
----------------------------------------------------------

74/86 Testing: reduced_rc_column_evidence_closure_catalog
74/86 Test: reduced_rc_column_evidence_closure_catalog
Command: "C:/MyLibs/fall_n/build_stage8_validation/fall_n_reduced_rc_column_evidence_closure_catalog_test.exe"
Directory: C:/MyLibs/fall_n/build_stage8_validation
"reduced_rc_column_evidence_closure_catalog" start time: Apr 15 18:36 Hora est. Pac�fico, Sudam�rica
Output:
----------------------------------------------------------
=== Reduced RC Column Evidence Closure Catalog Tests ===
  PASS  every_evidence_row_aligns_with_an_open_benchmark_trace_row
  PASS  evidence_artifacts_and_missing_experiments_are_nonempty
  PASS  internal_vs_external_evidence_classes_are_honest
  PASS  matrix_sweep_obligations_are_explicit
  PASS  evidence_kind_distribution_matches_the_intended_campaign

Summary: 5 passed, 0 failed.
<end of output>
Test time =   0.03 sec
----------------------------------------------------------
Test Passed.
"reduced_rc_column_evidence_closure_catalog" end time: Apr 15 18:36 Hora est. Pac�fico, Sudam�rica
"reduced_rc_column_evidence_closure_catalog" time elapsed: 00:00:00
----------------------------------------------------------

End testing: Apr 15 18:36 Hora est. Pac�fico, Sudam�rica

integration =  50.44 sec*proc

unit =   0.07 sec*proc

