Start testing: Apr 15 16:57 Hora est. Pac�fico, Sudam�rica
----------------------------------------------------------
66/83 Testing: reduced_rc_column_structural_matrix
66/83 Test: reduced_rc_column_structural_matrix
Command: "C:/MyLibs/fall_n/build_stage7_validation/fall_n_reduced_rc_column_structural_matrix_test.exe"
Directory: C:/MyLibs/fall_n/build_stage7_validation
"reduced_rc_column_structural_matrix" start time: Apr 15 16:57 Hora est. Pac�fico, Sudam�rica
Output:
----------------------------------------------------------
=== Reduced RC Column Structural Matrix Tests ===
  PASS  reduced_rc_column_matrix_counts_are_honest
  PASS  only_small_strain_cases_can_anchor_the_current_phase3_baseline
  PASS  blocked_rows_distinguish_corotational_extension_from_tl_ul_absence
  Incremental solve: 3 steps, max bisection depth = 3

  ── Step 1/3: p = 0.0000 → 0.3333 ──
    p=0.333333  converged  (reason=3, 2 iterations)

  ── Step 2/3: p = 0.3333 → 0.6667 ──
    p=0.666667  converged  (reason=3, 2 iterations)

  ── Step 3/3: p = 0.6667 → 1.0000 ──
    p=1.000000  converged  (reason=3, 4 iterations)
  Incremental solve COMPLETED at p = 1.0000
  CSV: data/output/cyclic_validation/reboot_structural_matrix_smoke/section_response.csv (8 records)
  CSV: data/output/cyclic_validation/reboot_structural_matrix_smoke/moment_curvature_base.csv (4 records, base-side section_gp=0, xi=-0.577350)
  Incremental solve: 3 steps, max bisection depth = 3

  ── Step 1/3: p = 0.0000 → 0.3333 ──
    p=0.333333  converged  (reason=3, 2 iterations)

  ── Step 2/3: p = 0.3333 → 0.6667 ──
    p=0.666667  converged  (reason=3, 2 iterations)

  ── Step 3/3: p = 0.6667 → 1.0000 ──
    p=1.000000  converged  (reason=3, 2 iterations)
  Incremental solve COMPLETED at p = 1.0000
  CSV: data/output/cyclic_validation/reboot_structural_matrix_smoke/section_response.csv (8 records)
  CSV: data/output/cyclic_validation/reboot_structural_matrix_smoke/moment_curvature_base.csv (4 records, base-side section_gp=0, xi=-1.000000)
  Incremental solve: 3 steps, max bisection depth = 3

  ── Step 1/3: p = 0.0000 → 0.3333 ──
    p=0.333333  converged  (reason=3, 2 iterations)

  ── Step 2/3: p = 0.3333 → 0.6667 ──
    p=0.666667  converged  (reason=3, 2 iterations)

  ── Step 3/3: p = 0.6667 → 1.0000 ──
    p=1.000000  converged  (reason=3, 2 iterations)
  Incremental solve COMPLETED at p = 1.0000
  CSV: data/output/cyclic_validation/reboot_structural_matrix_smoke/section_response.csv (8 records)
  CSV: data/output/cyclic_validation/reboot_structural_matrix_smoke/moment_curvature_base.csv (4 records, base-side section_gp=0, xi=-1.000000)
  PASS  run_small_strain_runtime_family_smoke
  Incremental solve: 3 steps, max bisection depth = 3

  ── Step 1/3: p = 0.0000 → 0.3333 ──
    p=0.333333  converged  (reason=3, 2 iterations)

  ── Step 2/3: p = 0.3333 → 0.6667 ──
    p=0.666667  converged  (reason=3, 2 iterations)

  ── Step 3/3: p = 0.6667 → 1.0000 ──
    p=1.000000  converged  (reason=3, 2 iterations)
  Incremental solve COMPLETED at p = 1.0000
  CSV: data/output/cyclic_validation/reboot_structural_matrix_axial/section_response.csv (4 records)
  CSV: data/output/cyclic_validation/reboot_structural_matrix_axial/moment_curvature_base.csv (4 records, base-side section_gp=0, xi=+0.000000)
  PASS  axial_compression_option_preserves_finite_response
  Incremental solve: 3 steps, max bisection depth = 3

  ── Step 1/3: p = 0.0000 → 0.3333 ──
    p=0.333333  converged  (reason=3, 2 iterations)

  ── Step 2/3: p = 0.3333 → 0.6667 ──
    p=0.666667  converged  (reason=3, 2 iterations)

  ── Step 3/3: p = 0.6667 → 1.0000 ──
    p=1.000000  converged  (reason=3, 2 iterations)
  Incremental solve COMPLETED at p = 1.0000
  PASS  base_side_moment_curvature_observable_is_finite_and_ordered
  Incremental solve: 3 steps, max bisection depth = 3

  ── Step 1/3: p = 0.0000 → 0.3333 ──
    p=0.333333  converged  (reason=3, 2 iterations)

  ── Step 2/3: p = 0.3333 → 0.6667 ──
    p=0.666667  converged  (reason=3, 2 iterations)

  ── Step 3/3: p = 0.6667 → 1.0000 ──
    p=1.000000  converged  (reason=3, 4 iterations)
  Incremental solve COMPLETED at p = 1.0000
  CSV: data/output/cyclic_validation/reboot_structural_matrix_section_csv/section_response.csv (8 records)
  CSV: data/output/cyclic_validation/reboot_structural_matrix_section_csv/moment_curvature_base.csv (4 records, base-side section_gp=0, xi=-0.577350)
  PASS  section_observable_csv_contract_is_written

Summary: 7 passed, 0 failed.
<end of output>
Test time =   0.38 sec
----------------------------------------------------------
Test Passed.
"reduced_rc_column_structural_matrix" end time: Apr 15 16:57 Hora est. Pac�fico, Sudam�rica
"reduced_rc_column_structural_matrix" time elapsed: 00:00:00
----------------------------------------------------------

67/83 Testing: reduced_rc_column_section_baseline
67/83 Test: reduced_rc_column_section_baseline
Command: "C:/MyLibs/fall_n/build_stage7_validation/fall_n_reduced_rc_column_section_baseline_test.exe"
Directory: C:/MyLibs/fall_n/build_stage7_validation
"reduced_rc_column_section_baseline" start time: Apr 15 16:57 Hora est. Pac�fico, Sudam�rica
Output:
----------------------------------------------------------
=== Reduced RC Column Section Baseline Tests ===
  PASS  reduced_rc_column_section_baseline_produces_finite_records
  PASS  reduced_rc_column_section_baseline_closes_target_axial_force
  CSV: data/output/cyclic_validation/reboot_section_baseline_csv/section_moment_curvature_baseline.csv (9 records)
  PASS  reduced_rc_column_section_baseline_writes_csv_contract

Summary: 3 passed, 0 failed.
<end of output>
Test time =   0.10 sec
----------------------------------------------------------
Test Passed.
"reduced_rc_column_section_baseline" end time: Apr 15 16:57 Hora est. Pac�fico, Sudam�rica
"reduced_rc_column_section_baseline" time elapsed: 00:00:00
----------------------------------------------------------

68/83 Testing: reduced_rc_column_moment_curvature_closure
68/83 Test: reduced_rc_column_moment_curvature_closure
Command: "C:/MyLibs/fall_n/build_stage7_validation/fall_n_reduced_rc_column_moment_curvature_closure_test.exe"
Directory: C:/MyLibs/fall_n/build_stage7_validation
"reduced_rc_column_moment_curvature_closure" start time: Apr 15 16:57 Hora est. Pac�fico, Sudam�rica
Output:
----------------------------------------------------------
=== Reduced RC Column Moment-Curvature Closure Tests ===
  Incremental solve: 24 steps, max bisection depth = 4

  ── Step 1/24: p = 0.0000 → 0.0417 ──
    p=0.041667  converged  (reason=3, 2 iterations)

  ── Step 2/24: p = 0.0417 → 0.0833 ──
    p=0.083333  converged  (reason=3, 2 iterations)

  ── Step 3/24: p = 0.0833 → 0.1250 ──
    p=0.125000  converged  (reason=3, 2 iterations)

  ── Step 4/24: p = 0.1250 → 0.1667 ──
    p=0.166667  converged  (reason=3, 2 iterations)

  ── Step 5/24: p = 0.1667 → 0.2083 ──
    p=0.208333  converged  (reason=3, 2 iterations)

  ── Step 6/24: p = 0.2083 → 0.2500 ──
    p=0.250000  converged  (reason=3, 2 iterations)

  ── Step 7/24: p = 0.2500 → 0.2917 ──
    p=0.291667  converged  (reason=3, 2 iterations)

  ── Step 8/24: p = 0.2917 → 0.3333 ──
    p=0.333333  converged  (reason=3, 2 iterations)

  ── Step 9/24: p = 0.3333 → 0.3750 ──
    p=0.375000  converged  (reason=3, 2 iterations)

  ── Step 10/24: p = 0.3750 → 0.4167 ──
    p=0.416667  converged  (reason=3, 1 iterations)

  ── Step 11/24: p = 0.4167 → 0.4583 ──
    p=0.458333  converged  (reason=3, 1 iterations)

  ── Step 12/24: p = 0.4583 → 0.5000 ──
    p=0.500000  converged  (reason=3, 4 iterations)

  ── Step 13/24: p = 0.5000 → 0.5417 ──
    p=0.541667  converged  (reason=3, 3 iterations)

  ── Step 14/24: p = 0.5417 → 0.5833 ──
    p=0.583333  converged  (reason=3, 2 iterations)

  ── Step 15/24: p = 0.5833 → 0.6250 ──
    p=0.625000  converged  (reason=3, 2 iterations)

  ── Step 16/24: p = 0.6250 → 0.6667 ──
    p=0.666667  converged  (reason=3, 2 iterations)

  ── Step 17/24: p = 0.6667 → 0.7083 ──
    p=0.708333  converged  (reason=3, 2 iterations)

  ── Step 18/24: p = 0.7083 → 0.7500 ──
    p=0.750000  converged  (reason=3, 1 iterations)

  ── Step 19/24: p = 0.7500 → 0.7917 ──
    p=0.791667  converged  (reason=3, 1 iterations)

  ── Step 20/24: p = 0.7917 → 0.8333 ──
    p=0.833333  converged  (reason=3, 1 iterations)

  ── Step 21/24: p = 0.8333 → 0.8750 ──
    p=0.875000  converged  (reason=3, 1 iterations)

  ── Step 22/24: p = 0.8750 → 0.9167 ──
    p=0.916667  converged  (reason=3, 1 iterations)

  ── Step 23/24: p = 0.9167 → 0.9583 ──
    p=0.958333  converged  (reason=3, 1 iterations)

  ── Step 24/24: p = 0.9583 → 1.0000 ──
    p=1.000000  converged  (reason=3, 4 iterations)
  Incremental solve COMPLETED at p = 1.0000
  CSV: data/output/cyclic_validation/reboot_moment_curvature_closure_finite\structural_baseline/section_response.csv (75 records)
  CSV: data/output/cyclic_validation/reboot_moment_curvature_closure_finite\structural_baseline/moment_curvature_base.csv (25 records, base-side section_gp=0, xi=-1.000000)
  CSV: data/output/cyclic_validation/reboot_moment_curvature_closure_finite\section_baseline/section_moment_curvature_baseline.csv (25 records)
  PASS  reduced_rc_column_moment_curvature_closure_produces_finite_bundle
  Incremental solve: 24 steps, max bisection depth = 4

  ── Step 1/24: p = 0.0000 → 0.0417 ──
    p=0.041667  converged  (reason=3, 2 iterations)

  ── Step 2/24: p = 0.0417 → 0.0833 ──
    p=0.083333  converged  (reason=3, 2 iterations)

  ── Step 3/24: p = 0.0833 → 0.1250 ──
    p=0.125000  converged  (reason=3, 2 iterations)

  ── Step 4/24: p = 0.1250 → 0.1667 ──
    p=0.166667  converged  (reason=3, 2 iterations)

  ── Step 5/24: p = 0.1667 → 0.2083 ──
    p=0.208333  converged  (reason=3, 2 iterations)

  ── Step 6/24: p = 0.2083 → 0.2500 ──
    p=0.250000  converged  (reason=3, 2 iterations)

  ── Step 7/24: p = 0.2500 → 0.2917 ──
    p=0.291667  converged  (reason=3, 2 iterations)

  ── Step 8/24: p = 0.2917 → 0.3333 ──
    p=0.333333  converged  (reason=3, 2 iterations)

  ── Step 9/24: p = 0.3333 → 0.3750 ──
    p=0.375000  converged  (reason=3, 2 iterations)

  ── Step 10/24: p = 0.3750 → 0.4167 ──
    p=0.416667  converged  (reason=3, 1 iterations)

  ── Step 11/24: p = 0.4167 → 0.4583 ──
    p=0.458333  converged  (reason=3, 1 iterations)

  ── Step 12/24: p = 0.4583 → 0.5000 ──
    p=0.500000  converged  (reason=3, 4 iterations)

  ── Step 13/24: p = 0.5000 → 0.5417 ──
    p=0.541667  converged  (reason=3, 3 iterations)

  ── Step 14/24: p = 0.5417 → 0.5833 ──
    p=0.583333  converged  (reason=3, 2 iterations)

  ── Step 15/24: p = 0.5833 → 0.6250 ──
    p=0.625000  converged  (reason=3, 2 iterations)

  ── Step 16/24: p = 0.6250 → 0.6667 ──
    p=0.666667  converged  (reason=3, 2 iterations)

  ── Step 17/24: p = 0.6667 → 0.7083 ──
    p=0.708333  converged  (reason=3, 2 iterations)

  ── Step 18/24: p = 0.7083 → 0.7500 ──
    p=0.750000  converged  (reason=3, 1 iterations)

  ── Step 19/24: p = 0.7500 → 0.7917 ──
    p=0.791667  converged  (reason=3, 1 iterations)

  ── Step 20/24: p = 0.7917 → 0.8333 ──
    p=0.833333  converged  (reason=3, 1 iterations)

  ── Step 21/24: p = 0.8333 → 0.8750 ──
    p=0.875000  converged  (reason=3, 1 iterations)

  ── Step 22/24: p = 0.8750 → 0.9167 ──
    p=0.916667  converged  (reason=3, 1 iterations)

  ── Step 23/24: p = 0.9167 → 0.9583 ──
    p=0.958333  converged  (reason=3, 1 iterations)

  ── Step 24/24: p = 0.9583 → 1.0000 ──
    p=1.000000  converged  (reason=3, 4 iterations)
  Incremental solve COMPLETED at p = 1.0000
  CSV: data/output/cyclic_validation/reboot_moment_curvature_closure_csv\structural_baseline/section_response.csv (75 records)
  CSV: data/output/cyclic_validation/reboot_moment_curvature_closure_csv\structural_baseline/moment_curvature_base.csv (25 records, base-side section_gp=0, xi=-1.000000)
  CSV: data/output/cyclic_validation/reboot_moment_curvature_closure_csv\section_baseline/section_moment_curvature_baseline.csv (17 records)
  CSV: data/output/cyclic_validation/reboot_moment_curvature_closure_csv\moment_curvature_closure.csv (9 records)
  CSV: data/output/cyclic_validation/reboot_moment_curvature_closure_csv\moment_curvature_closure_summary.csv (summary row written)
  PASS  reduced_rc_column_moment_curvature_closure_writes_csv_contract
  Incremental solve: 24 steps, max bisection depth = 4

  ── Step 1/24: p = 0.0000 → 0.0417 ──
    p=0.041667  converged  (reason=3, 2 iterations)

  ── Step 2/24: p = 0.0417 → 0.0833 ──
    p=0.083333  converged  (reason=3, 2 iterations)

  ── Step 3/24: p = 0.0833 → 0.1250 ──
    p=0.125000  converged  (reason=3, 2 iterations)

  ── Step 4/24: p = 0.1250 → 0.1667 ──
    p=0.166667  converged  (reason=3, 2 iterations)

  ── Step 5/24: p = 0.1667 → 0.2083 ──
    p=0.208333  converged  (reason=3, 2 iterations)

  ── Step 6/24: p = 0.2083 → 0.2500 ──
    p=0.250000  converged  (reason=3, 2 iterations)

  ── Step 7/24: p = 0.2500 → 0.2917 ──
    p=0.291667  converged  (reason=3, 2 iterations)

  ── Step 8/24: p = 0.2917 → 0.3333 ──
    p=0.333333  converged  (reason=3, 2 iterations)

  ── Step 9/24: p = 0.3333 → 0.3750 ──
    p=0.375000  converged  (reason=3, 2 iterations)

  ── Step 10/24: p = 0.3750 → 0.4167 ──
    p=0.416667  converged  (reason=3, 1 iterations)

  ── Step 11/24: p = 0.4167 → 0.4583 ──
    p=0.458333  converged  (reason=3, 1 iterations)

  ── Step 12/24: p = 0.4583 → 0.5000 ──
    p=0.500000  converged  (reason=3, 4 iterations)

  ── Step 13/24: p = 0.5000 → 0.5417 ──
    p=0.541667  converged  (reason=3, 3 iterations)

  ── Step 14/24: p = 0.5417 → 0.5833 ──
    p=0.583333  converged  (reason=3, 2 iterations)

  ── Step 15/24: p = 0.5833 → 0.6250 ──
    p=0.625000  converged  (reason=3, 2 iterations)

  ── Step 16/24: p = 0.6250 → 0.6667 ──
    p=0.666667  converged  (reason=3, 2 iterations)

  ── Step 17/24: p = 0.6667 → 0.7083 ──
    p=0.708333  converged  (reason=3, 2 iterations)

  ── Step 18/24: p = 0.7083 → 0.7500 ──
    p=0.750000  converged  (reason=3, 1 iterations)

  ── Step 19/24: p = 0.7500 → 0.7917 ──
    p=0.791667  converged  (reason=3, 1 iterations)

  ── Step 20/24: p = 0.7917 → 0.8333 ──
    p=0.833333  converged  (reason=3, 1 iterations)

  ── Step 21/24: p = 0.8333 → 0.8750 ──
    p=0.875000  converged  (reason=3, 1 iterations)

  ── Step 22/24: p = 0.8750 → 0.9167 ──
    p=0.916667  converged  (reason=3, 1 iterations)

  ── Step 23/24: p = 0.9167 → 0.9583 ──
    p=0.958333  converged  (reason=3, 1 iterations)

  ── Step 24/24: p = 0.9583 → 1.0000 ──
    p=1.000000  converged  (reason=3, 4 iterations)
  Incremental solve COMPLETED at p = 1.0000
  CSV: data/output/cyclic_validation/reboot_moment_curvature_closure_bounds\structural_baseline/section_response.csv (75 records)
  CSV: data/output/cyclic_validation/reboot_moment_curvature_closure_bounds\structural_baseline/moment_curvature_base.csv (25 records, base-side section_gp=0, xi=-1.000000)
  PASS  reduced_rc_column_moment_curvature_closure_keeps_representative_errors_bounded

Summary: 3 passed, 0 failed.
<end of output>
Test time =   0.70 sec
----------------------------------------------------------
Test Passed.
"reduced_rc_column_moment_curvature_closure" end time: Apr 15 16:57 Hora est. Pac�fico, Sudam�rica
"reduced_rc_column_moment_curvature_closure" time elapsed: 00:00:00
----------------------------------------------------------

69/83 Testing: reduced_rc_column_validation_claim_catalog
69/83 Test: reduced_rc_column_validation_claim_catalog
Command: "C:/MyLibs/fall_n/build_stage7_validation/fall_n_reduced_rc_column_validation_claim_catalog_test.exe"
Directory: C:/MyLibs/fall_n/build_stage7_validation
"reduced_rc_column_validation_claim_catalog" start time: Apr 15 16:57 Hora est. Pac�fico, Sudam�rica
Output:
----------------------------------------------------------
=== Reduced RC Column Validation Claim Catalog Tests ===
  PASS  all_current_claims_stay_on_the_runtime_ready_small_strain_family
  PASS  quadrature_enabler_claim_is_frozen_but_not_overclaimed
  PASS  runtime_ready_claims_remain_prebenchmark_claims
  PASS  moment_curvature_observable_is_runtime_ready_but_prebenchmark
  PASS  benchmark_pending_claims_are_only_refinement_and_quadrature_sensitivity
  PASS  structural_matrix_and_claim_matrix_have_consistent_runtime_frontier

Summary: 6 passed, 0 failed.
<end of output>
Test time =   0.07 sec
----------------------------------------------------------
Test Passed.
"reduced_rc_column_validation_claim_catalog" end time: Apr 15 16:57 Hora est. Pac�fico, Sudam�rica
"reduced_rc_column_validation_claim_catalog" time elapsed: 00:00:00
----------------------------------------------------------

70/83 Testing: reduced_rc_column_benchmark_trace_catalog
70/83 Test: reduced_rc_column_benchmark_trace_catalog
Command: "C:/MyLibs/fall_n/build_stage7_validation/fall_n_reduced_rc_column_benchmark_trace_catalog_test.exe"
Directory: C:/MyLibs/fall_n/build_stage7_validation
"reduced_rc_column_benchmark_trace_catalog" start time: Apr 15 16:57 Hora est. Pac�fico, Sudam�rica
Output:
----------------------------------------------------------
=== Reduced RC Column Benchmark Trace Catalog Tests ===
  PASS  every_benchmark_row_targets_an_open_prebenchmark_claim
  PASS  benchmark_rows_cover_only_runtime_ready_and_benchmark_pending_claims
  PASS  reference_classes_are_honest
  PASS  phase3_structural_physical_gate_requires_all_but_runtime_surface_completeness
  PASS  benchmark_count_summary_matches_the_intended_mix

Summary: 5 passed, 0 failed.
<end of output>
Test time =   0.06 sec
----------------------------------------------------------
Test Passed.
"reduced_rc_column_benchmark_trace_catalog" end time: Apr 15 16:57 Hora est. Pac�fico, Sudam�rica
"reduced_rc_column_benchmark_trace_catalog" time elapsed: 00:00:00
----------------------------------------------------------

71/83 Testing: reduced_rc_column_evidence_closure_catalog
71/83 Test: reduced_rc_column_evidence_closure_catalog
Command: "C:/MyLibs/fall_n/build_stage7_validation/fall_n_reduced_rc_column_evidence_closure_catalog_test.exe"
Directory: C:/MyLibs/fall_n/build_stage7_validation
"reduced_rc_column_evidence_closure_catalog" start time: Apr 15 16:57 Hora est. Pac�fico, Sudam�rica
Output:
----------------------------------------------------------
=== Reduced RC Column Evidence Closure Catalog Tests ===
  PASS  every_evidence_row_aligns_with_an_open_benchmark_trace_row
  PASS  evidence_artifacts_and_missing_experiments_are_nonempty
  PASS  internal_vs_external_evidence_classes_are_honest
  PASS  matrix_sweep_obligations_are_explicit
  PASS  evidence_kind_distribution_matches_the_intended_campaign

Summary: 5 passed, 0 failed.
<end of output>
Test time =   0.08 sec
----------------------------------------------------------
Test Passed.
"reduced_rc_column_evidence_closure_catalog" end time: Apr 15 16:57 Hora est. Pac�fico, Sudam�rica
"reduced_rc_column_evidence_closure_catalog" time elapsed: 00:00:00
----------------------------------------------------------

End testing: Apr 15 16:57 Hora est. Pac�fico, Sudam�rica

integration =   1.19 sec*proc

unit =   0.22 sec*proc

