Start testing: Apr 15 16:30 Hora est. Pac�fico, Sudam�rica
----------------------------------------------------------
66/82 Testing: reduced_rc_column_structural_matrix
66/82 Test: reduced_rc_column_structural_matrix
Command: "C:/MyLibs/fall_n/build_stage6_validation/fall_n_reduced_rc_column_structural_matrix_test.exe"
Directory: C:/MyLibs/fall_n/build_stage6_validation
"reduced_rc_column_structural_matrix" start time: Apr 15 16:30 Hora est. Pac�fico, Sudam�rica
Output:
----------------------------------------------------------
=== Reduced RC Column Structural Matrix Tests ===
  PASS  reduced_rc_column_matrix_counts_are_honest
  PASS  only_small_strain_cases_can_anchor_the_current_phase3_baseline
  PASS  blocked_rows_distinguish_corotational_extension_from_tl_ul_absence
  Incremental solve: 3 steps, max bisection depth = 3

  ── Step 1/3: p = 0.0000 → 0.3333 ──
    p=0.333333  converged  (reason=3, 2 iterations)

  ── Step 2/3: p = 0.3333 → 0.6667 ──
    p=0.666667  converged  (reason=3, 2 iterations)

  ── Step 3/3: p = 0.6667 → 1.0000 ──
    p=1.000000  converged  (reason=3, 4 iterations)
  Incremental solve COMPLETED at p = 1.0000
  CSV: data/output/cyclic_validation/reboot_structural_matrix_smoke/section_response.csv (8 records)
  CSV: data/output/cyclic_validation/reboot_structural_matrix_smoke/moment_curvature_base.csv (4 records, base-side section_gp=0, xi=-0.577350)
  Incremental solve: 3 steps, max bisection depth = 3

  ── Step 1/3: p = 0.0000 → 0.3333 ──
    p=0.333333  converged  (reason=3, 2 iterations)

  ── Step 2/3: p = 0.3333 → 0.6667 ──
    p=0.666667  converged  (reason=3, 2 iterations)

  ── Step 3/3: p = 0.6667 → 1.0000 ──
    p=1.000000  converged  (reason=3, 2 iterations)
  Incremental solve COMPLETED at p = 1.0000
  CSV: data/output/cyclic_validation/reboot_structural_matrix_smoke/section_response.csv (8 records)
  CSV: data/output/cyclic_validation/reboot_structural_matrix_smoke/moment_curvature_base.csv (4 records, base-side section_gp=0, xi=-1.000000)
  Incremental solve: 3 steps, max bisection depth = 3

  ── Step 1/3: p = 0.0000 → 0.3333 ──
    p=0.333333  converged  (reason=3, 2 iterations)

  ── Step 2/3: p = 0.3333 → 0.6667 ──
    p=0.666667  converged  (reason=3, 2 iterations)

  ── Step 3/3: p = 0.6667 → 1.0000 ──
    p=1.000000  converged  (reason=3, 2 iterations)
  Incremental solve COMPLETED at p = 1.0000
  CSV: data/output/cyclic_validation/reboot_structural_matrix_smoke/section_response.csv (8 records)
  CSV: data/output/cyclic_validation/reboot_structural_matrix_smoke/moment_curvature_base.csv (4 records, base-side section_gp=0, xi=-1.000000)
  PASS  run_small_strain_runtime_family_smoke
  Incremental solve: 3 steps, max bisection depth = 3

  ── Step 1/3: p = 0.0000 → 0.3333 ──
    p=0.333333  converged  (reason=3, 2 iterations)

  ── Step 2/3: p = 0.3333 → 0.6667 ──
    p=0.666667  converged  (reason=3, 2 iterations)

  ── Step 3/3: p = 0.6667 → 1.0000 ──
    p=1.000000  converged  (reason=3, 2 iterations)
  Incremental solve COMPLETED at p = 1.0000
  CSV: data/output/cyclic_validation/reboot_structural_matrix_axial/section_response.csv (4 records)
  CSV: data/output/cyclic_validation/reboot_structural_matrix_axial/moment_curvature_base.csv (4 records, base-side section_gp=0, xi=+0.000000)
  PASS  axial_compression_option_preserves_finite_response
  Incremental solve: 3 steps, max bisection depth = 3

  ── Step 1/3: p = 0.0000 → 0.3333 ──
    p=0.333333  converged  (reason=3, 2 iterations)

  ── Step 2/3: p = 0.3333 → 0.6667 ──
    p=0.666667  converged  (reason=3, 2 iterations)

  ── Step 3/3: p = 0.6667 → 1.0000 ──
    p=1.000000  converged  (reason=3, 2 iterations)
  Incremental solve COMPLETED at p = 1.0000
  PASS  base_side_moment_curvature_observable_is_finite_and_ordered
  Incremental solve: 3 steps, max bisection depth = 3

  ── Step 1/3: p = 0.0000 → 0.3333 ──
    p=0.333333  converged  (reason=3, 2 iterations)

  ── Step 2/3: p = 0.3333 → 0.6667 ──
    p=0.666667  converged  (reason=3, 2 iterations)

  ── Step 3/3: p = 0.6667 → 1.0000 ──
    p=1.000000  converged  (reason=3, 4 iterations)
  Incremental solve COMPLETED at p = 1.0000
  CSV: data/output/cyclic_validation/reboot_structural_matrix_section_csv/section_response.csv (8 records)
  CSV: data/output/cyclic_validation/reboot_structural_matrix_section_csv/moment_curvature_base.csv (4 records, base-side section_gp=0, xi=-0.577350)
  PASS  section_observable_csv_contract_is_written

Summary: 7 passed, 0 failed.
<end of output>
Test time =   0.21 sec
----------------------------------------------------------
Test Passed.
"reduced_rc_column_structural_matrix" end time: Apr 15 16:30 Hora est. Pac�fico, Sudam�rica
"reduced_rc_column_structural_matrix" time elapsed: 00:00:00
----------------------------------------------------------

67/82 Testing: reduced_rc_column_section_baseline
67/82 Test: reduced_rc_column_section_baseline
Command: "C:/MyLibs/fall_n/build_stage6_validation/fall_n_reduced_rc_column_section_baseline_test.exe"
Directory: C:/MyLibs/fall_n/build_stage6_validation
"reduced_rc_column_section_baseline" start time: Apr 15 16:30 Hora est. Pac�fico, Sudam�rica
Output:
----------------------------------------------------------
=== Reduced RC Column Section Baseline Tests ===
  PASS  reduced_rc_column_section_baseline_produces_finite_records
  PASS  reduced_rc_column_section_baseline_closes_target_axial_force
  CSV: data/output/cyclic_validation/reboot_section_baseline_csv/section_moment_curvature_baseline.csv (9 records)
  PASS  reduced_rc_column_section_baseline_writes_csv_contract

Summary: 3 passed, 0 failed.
<end of output>
Test time =   0.08 sec
----------------------------------------------------------
Test Passed.
"reduced_rc_column_section_baseline" end time: Apr 15 16:30 Hora est. Pac�fico, Sudam�rica
"reduced_rc_column_section_baseline" time elapsed: 00:00:00
----------------------------------------------------------

68/82 Testing: reduced_rc_column_validation_claim_catalog
68/82 Test: reduced_rc_column_validation_claim_catalog
Command: "C:/MyLibs/fall_n/build_stage6_validation/fall_n_reduced_rc_column_validation_claim_catalog_test.exe"
Directory: C:/MyLibs/fall_n/build_stage6_validation
"reduced_rc_column_validation_claim_catalog" start time: Apr 15 16:30 Hora est. Pac�fico, Sudam�rica
Output:
----------------------------------------------------------
=== Reduced RC Column Validation Claim Catalog Tests ===
  PASS  all_current_claims_stay_on_the_runtime_ready_small_strain_family
  PASS  quadrature_enabler_claim_is_frozen_but_not_overclaimed
  PASS  runtime_ready_claims_remain_prebenchmark_claims
  PASS  moment_curvature_observable_is_runtime_ready_but_prebenchmark
  PASS  benchmark_pending_claims_are_only_refinement_and_quadrature_sensitivity
  PASS  structural_matrix_and_claim_matrix_have_consistent_runtime_frontier

Summary: 6 passed, 0 failed.
<end of output>
Test time =   0.02 sec
----------------------------------------------------------
Test Passed.
"reduced_rc_column_validation_claim_catalog" end time: Apr 15 16:30 Hora est. Pac�fico, Sudam�rica
"reduced_rc_column_validation_claim_catalog" time elapsed: 00:00:00
----------------------------------------------------------

69/82 Testing: reduced_rc_column_benchmark_trace_catalog
69/82 Test: reduced_rc_column_benchmark_trace_catalog
Command: "C:/MyLibs/fall_n/build_stage6_validation/fall_n_reduced_rc_column_benchmark_trace_catalog_test.exe"
Directory: C:/MyLibs/fall_n/build_stage6_validation
"reduced_rc_column_benchmark_trace_catalog" start time: Apr 15 16:30 Hora est. Pac�fico, Sudam�rica
Output:
----------------------------------------------------------
=== Reduced RC Column Benchmark Trace Catalog Tests ===
  PASS  every_benchmark_row_targets_an_open_prebenchmark_claim
  PASS  benchmark_rows_cover_only_runtime_ready_and_benchmark_pending_claims
  PASS  reference_classes_are_honest
  PASS  phase3_structural_physical_gate_requires_all_but_runtime_surface_completeness
  PASS  benchmark_count_summary_matches_the_intended_mix

Summary: 5 passed, 0 failed.
<end of output>
Test time =   0.02 sec
----------------------------------------------------------
Test Passed.
"reduced_rc_column_benchmark_trace_catalog" end time: Apr 15 16:30 Hora est. Pac�fico, Sudam�rica
"reduced_rc_column_benchmark_trace_catalog" time elapsed: 00:00:00
----------------------------------------------------------

70/82 Testing: reduced_rc_column_evidence_closure_catalog
70/82 Test: reduced_rc_column_evidence_closure_catalog
Command: "C:/MyLibs/fall_n/build_stage6_validation/fall_n_reduced_rc_column_evidence_closure_catalog_test.exe"
Directory: C:/MyLibs/fall_n/build_stage6_validation
"reduced_rc_column_evidence_closure_catalog" start time: Apr 15 16:30 Hora est. Pac�fico, Sudam�rica
Output:
----------------------------------------------------------
=== Reduced RC Column Evidence Closure Catalog Tests ===
  PASS  every_evidence_row_aligns_with_an_open_benchmark_trace_row
  PASS  evidence_artifacts_and_missing_experiments_are_nonempty
  PASS  internal_vs_external_evidence_classes_are_honest
  PASS  matrix_sweep_obligations_are_explicit
  PASS  evidence_kind_distribution_matches_the_intended_campaign

Summary: 5 passed, 0 failed.
<end of output>
Test time =   0.02 sec
----------------------------------------------------------
Test Passed.
"reduced_rc_column_evidence_closure_catalog" end time: Apr 15 16:30 Hora est. Pac�fico, Sudam�rica
"reduced_rc_column_evidence_closure_catalog" time elapsed: 00:00:00
----------------------------------------------------------

End testing: Apr 15 16:30 Hora est. Pac�fico, Sudam�rica

integration =   0.29 sec*proc

unit =   0.07 sec*proc

