Start testing: Apr 15 15:19 Hora est. Pacífico, Sudamérica
----------------------------------------------------------
67/81 Testing: reduced_rc_column_validation_claim_catalog
67/81 Test: reduced_rc_column_validation_claim_catalog
Command: "C:/MyLibs/fall_n/build_stage4_validation/fall_n_reduced_rc_column_validation_claim_catalog_test.exe"
Directory: C:/MyLibs/fall_n/build_stage4_validation
"reduced_rc_column_validation_claim_catalog" start time: Apr 15 15:19 Hora est. Pacífico, Sudamérica
Output:
----------------------------------------------------------
=== Reduced RC Column Validation Claim Catalog Tests ===
  PASS  all_current_claims_stay_on_the_runtime_ready_small_strain_family
  PASS  quadrature_enabler_claim_is_frozen_but_not_overclaimed
  PASS  runtime_ready_claims_remain_prebenchmark_claims
  PASS  moment_curvature_observable_is_runtime_ready_but_prebenchmark
  PASS  benchmark_pending_claims_are_only_refinement_and_quadrature_sensitivity
  PASS  structural_matrix_and_claim_matrix_have_consistent_runtime_frontier

Summary: 6 passed, 0 failed.
<end of output>
Test time =   0.08 sec
----------------------------------------------------------
Test Passed.
"reduced_rc_column_validation_claim_catalog" end time: Apr 15 15:19 Hora est. Pacífico, Sudamérica
"reduced_rc_column_validation_claim_catalog" time elapsed: 00:00:00
----------------------------------------------------------

68/81 Testing: reduced_rc_column_benchmark_trace_catalog
68/81 Test: reduced_rc_column_benchmark_trace_catalog
Command: "C:/MyLibs/fall_n/build_stage4_validation/fall_n_reduced_rc_column_benchmark_trace_catalog_test.exe"
Directory: C:/MyLibs/fall_n/build_stage4_validation
"reduced_rc_column_benchmark_trace_catalog" start time: Apr 15 15:19 Hora est. Pacífico, Sudamérica
Output:
----------------------------------------------------------
=== Reduced RC Column Benchmark Trace Catalog Tests ===
  PASS  every_benchmark_row_targets_an_open_prebenchmark_claim
  PASS  benchmark_rows_cover_only_runtime_ready_and_benchmark_pending_claims
  PASS  reference_classes_are_honest
  PASS  phase3_structural_physical_gate_requires_all_but_runtime_surface_completeness
  PASS  benchmark_count_summary_matches_the_intended_mix

Summary: 5 passed, 0 failed.
<end of output>
Test time =   0.12 sec
----------------------------------------------------------
Test Passed.
"reduced_rc_column_benchmark_trace_catalog" end time: Apr 15 15:19 Hora est. Pacífico, Sudamérica
"reduced_rc_column_benchmark_trace_catalog" time elapsed: 00:00:00
----------------------------------------------------------

69/81 Testing: reduced_rc_column_evidence_closure_catalog
69/81 Test: reduced_rc_column_evidence_closure_catalog
Command: "C:/MyLibs/fall_n/build_stage4_validation/fall_n_reduced_rc_column_evidence_closure_catalog_test.exe"
Directory: C:/MyLibs/fall_n/build_stage4_validation
"reduced_rc_column_evidence_closure_catalog" start time: Apr 15 15:19 Hora est. Pacífico, Sudamérica
Output:
----------------------------------------------------------
=== Reduced RC Column Evidence Closure Catalog Tests ===
  PASS  every_evidence_row_aligns_with_an_open_benchmark_trace_row
  PASS  evidence_artifacts_and_missing_experiments_are_nonempty
  PASS  internal_vs_external_evidence_classes_are_honest
  PASS  matrix_sweep_obligations_are_explicit
  PASS  evidence_kind_distribution_matches_the_intended_campaign

Summary: 5 passed, 0 failed.
<end of output>
Test time =   0.13 sec
----------------------------------------------------------
Test Passed.
"reduced_rc_column_evidence_closure_catalog" end time: Apr 15 15:19 Hora est. Pacífico, Sudamérica
"reduced_rc_column_evidence_closure_catalog" time elapsed: 00:00:00
----------------------------------------------------------

End testing: Apr 15 15:19 Hora est. Pacífico, Sudamérica

unit =   0.34 sec*proc

